{"/Users/bokang/Desktop/Campus-Safety-App/Backend/modules/alert.js": {"path":"/Users/bokang/Desktop/Campus-Safety-App/Backend/modules/alert.js","statementMap":{"0":{"start":{"line":1,"column":25},"end":{"line":1,"column":45}},"1":{"start":{"line":2,"column":32},"end":{"line":2,"column":60}},"2":{"start":{"line":5,"column":21},"end":{"line":5,"column":43}},"3":{"start":{"line":7,"column":17},"end":{"line":7,"column":19}},"4":{"start":{"line":9,"column":4},"end":{"line":15,"column":7}},"5":{"start":{"line":10,"column":8},"end":{"line":14,"column":9}},"6":{"start":{"line":11,"column":12},"end":{"line":13,"column":14}},"7":{"start":{"line":12,"column":16},"end":{"line":12,"column":40}},"8":{"start":{"line":17,"column":4},"end":{"line":17,"column":18}},"9":{"start":{"line":22,"column":16},"end":{"line":22,"column":20}},"10":{"start":{"line":24,"column":23},"end":{"line":24,"column":45}},"11":{"start":{"line":26,"column":4},"end":{"line":68,"column":7}},"12":{"start":{"line":37,"column":19},"end":{"line":37,"column":21}},"13":{"start":{"line":39,"column":18},"end":{"line":39,"column":49}},"14":{"start":{"line":41,"column":8},"end":{"line":50,"column":10}},"15":{"start":{"line":42,"column":12},"end":{"line":47,"column":13}},"16":{"start":{"line":43,"column":33},"end":{"line":43,"column":43}},"17":{"start":{"line":44,"column":16},"end":{"line":44,"column":55}},"18":{"start":{"line":45,"column":16},"end":{"line":45,"column":53}},"19":{"start":{"line":46,"column":16},"end":{"line":46,"column":65}},"20":{"start":{"line":52,"column":25},"end":{"line":52,"column":78}},"21":{"start":{"line":54,"column":24},"end":{"line":54,"column":26}},"22":{"start":{"line":55,"column":8},"end":{"line":61,"column":11}},"23":{"start":{"line":56,"column":12},"end":{"line":60,"column":13}},"24":{"start":{"line":57,"column":16},"end":{"line":59,"column":18}},"25":{"start":{"line":58,"column":20},"end":{"line":58,"column":41}},"26":{"start":{"line":63,"column":8},"end":{"line":63,"column":134}},"27":{"start":{"line":67,"column":8},"end":{"line":67,"column":22}},"28":{"start":{"line":70,"column":4},"end":{"line":70,"column":17}},"29":{"start":{"line":76,"column":18},"end":{"line":76,"column":22}},"30":{"start":{"line":77,"column":21},"end":{"line":77,"column":79}},"31":{"start":{"line":79,"column":4},"end":{"line":85,"column":7}},"32":{"start":{"line":84,"column":8},"end":{"line":84,"column":24}},"33":{"start":{"line":87,"column":4},"end":{"line":87,"column":19}},"34":{"start":{"line":93,"column":16},"end":{"line":93,"column":20}},"35":{"start":{"line":94,"column":24},"end":{"line":94,"column":82}},"36":{"start":{"line":96,"column":4},"end":{"line":107,"column":7}},"37":{"start":{"line":106,"column":8},"end":{"line":106,"column":22}},"38":{"start":{"line":109,"column":4},"end":{"line":109,"column":17}},"39":{"start":{"line":121,"column":0},"end":{"line":121,"column":74}}},"fnMap":{"0":{"name":"getAllAlerts","decl":{"start":{"line":4,"column":15},"end":{"line":4,"column":27}},"loc":{"start":{"line":4,"column":29},"end":{"line":18,"column":1}},"line":4},"1":{"name":"(anonymous_1)","decl":{"start":{"line":9,"column":30},"end":{"line":9,"column":31}},"loc":{"start":{"line":9,"column":42},"end":{"line":15,"column":5}},"line":9},"2":{"name":"(anonymous_2)","decl":{"start":{"line":11,"column":29},"end":{"line":11,"column":30}},"loc":{"start":{"line":11,"column":35},"end":{"line":13,"column":13}},"line":11},"3":{"name":"addAlert","decl":{"start":{"line":21,"column":15},"end":{"line":21,"column":23}},"loc":{"start":{"line":21,"column":35},"end":{"line":71,"column":1}},"line":21},"4":{"name":"(anonymous_4)","decl":{"start":{"line":36,"column":10},"end":{"line":36,"column":11}},"loc":{"start":{"line":36,"column":28},"end":{"line":64,"column":5}},"line":36},"5":{"name":"(anonymous_5)","decl":{"start":{"line":41,"column":27},"end":{"line":41,"column":28}},"loc":{"start":{"line":41,"column":36},"end":{"line":48,"column":9}},"line":41},"6":{"name":"(anonymous_6)","decl":{"start":{"line":48,"column":17},"end":{"line":48,"column":18}},"loc":{"start":{"line":48,"column":28},"end":{"line":50,"column":9}},"line":48},"7":{"name":"(anonymous_7)","decl":{"start":{"line":55,"column":34},"end":{"line":55,"column":35}},"loc":{"start":{"line":55,"column":46},"end":{"line":61,"column":9}},"line":55},"8":{"name":"(anonymous_8)","decl":{"start":{"line":57,"column":33},"end":{"line":57,"column":34}},"loc":{"start":{"line":57,"column":39},"end":{"line":59,"column":17}},"line":57},"9":{"name":"(anonymous_9)","decl":{"start":{"line":65,"column":11},"end":{"line":65,"column":12}},"loc":{"start":{"line":65,"column":22},"end":{"line":68,"column":5}},"line":65},"10":{"name":"deleteReport","decl":{"start":{"line":75,"column":15},"end":{"line":75,"column":27}},"loc":{"start":{"line":75,"column":37},"end":{"line":89,"column":1}},"line":75},"11":{"name":"(anonymous_11)","decl":{"start":{"line":80,"column":10},"end":{"line":80,"column":11}},"loc":{"start":{"line":80,"column":16},"end":{"line":82,"column":5}},"line":80},"12":{"name":"(anonymous_12)","decl":{"start":{"line":82,"column":13},"end":{"line":82,"column":14}},"loc":{"start":{"line":82,"column":24},"end":{"line":85,"column":5}},"line":82},"13":{"name":"updateViewAlert","decl":{"start":{"line":92,"column":15},"end":{"line":92,"column":30}},"loc":{"start":{"line":92,"column":48},"end":{"line":110,"column":1}},"line":92},"14":{"name":"(anonymous_14)","decl":{"start":{"line":100,"column":10},"end":{"line":100,"column":11}},"loc":{"start":{"line":100,"column":16},"end":{"line":102,"column":5}},"line":100},"15":{"name":"(anonymous_15)","decl":{"start":{"line":103,"column":11},"end":{"line":103,"column":12}},"loc":{"start":{"line":103,"column":22},"end":{"line":107,"column":5}},"line":103}},"branchMap":{"0":{"loc":{"start":{"line":10,"column":8},"end":{"line":14,"column":9}},"type":"if","locations":[{"start":{"line":10,"column":8},"end":{"line":14,"column":9}},{"start":{},"end":{}}],"line":10},"1":{"loc":{"start":{"line":42,"column":12},"end":{"line":47,"column":13}},"type":"if","locations":[{"start":{"line":42,"column":12},"end":{"line":47,"column":13}},{"start":{},"end":{}}],"line":42},"2":{"loc":{"start":{"line":56,"column":12},"end":{"line":60,"column":13}},"type":"if","locations":[{"start":{"line":56,"column":12},"end":{"line":60,"column":13}},{"start":{},"end":{}}],"line":56}},"s":{"0":0,"1":0,"2":0,"3":0,"4":0,"5":0,"6":0,"7":0,"8":0,"9":0,"10":0,"11":0,"12":0,"13":0,"14":0,"15":0,"16":0,"17":0,"18":0,"19":0,"20":0,"21":0,"22":0,"23":0,"24":0,"25":0,"26":0,"27":0,"28":0,"29":0,"30":0,"31":0,"32":0,"33":0,"34":0,"35":0,"36":0,"37":0,"38":0,"39":0},"f":{"0":0,"1":0,"2":0,"3":0,"4":0,"5":0,"6":0,"7":0,"8":0,"9":0,"10":0,"11":0,"12":0,"13":0,"14":0,"15":0},"b":{"0":[0,0],"1":[0,0],"2":[0,0]}}
,"/Users/bokang/Desktop/Campus-Safety-App/Backend/modules/article.js": {"path":"/Users/bokang/Desktop/Campus-Safety-App/Backend/modules/article.js","statementMap":{"0":{"start":{"line":1,"column":15},"end":{"line":1,"column":35}},"1":{"start":{"line":2,"column":32},"end":{"line":2,"column":60}},"2":{"start":{"line":6,"column":21},"end":{"line":6,"column":46}},"3":{"start":{"line":8,"column":17},"end":{"line":8,"column":19}},"4":{"start":{"line":10,"column":4},"end":{"line":16,"column":7}},"5":{"start":{"line":11,"column":8},"end":{"line":15,"column":9}},"6":{"start":{"line":12,"column":12},"end":{"line":14,"column":14}},"7":{"start":{"line":13,"column":16},"end":{"line":13,"column":40}},"8":{"start":{"line":18,"column":4},"end":{"line":18,"column":18}},"9":{"start":{"line":24,"column":21},"end":{"line":24,"column":79}},"10":{"start":{"line":26,"column":17},"end":{"line":26,"column":19}},"11":{"start":{"line":28,"column":4},"end":{"line":34,"column":7}},"12":{"start":{"line":29,"column":8},"end":{"line":33,"column":9}},"13":{"start":{"line":30,"column":12},"end":{"line":32,"column":14}},"14":{"start":{"line":31,"column":16},"end":{"line":31,"column":40}},"15":{"start":{"line":36,"column":4},"end":{"line":36,"column":18}},"16":{"start":{"line":41,"column":21},"end":{"line":41,"column":80}},"17":{"start":{"line":43,"column":17},"end":{"line":43,"column":19}},"18":{"start":{"line":45,"column":4},"end":{"line":51,"column":7}},"19":{"start":{"line":46,"column":8},"end":{"line":50,"column":9}},"20":{"start":{"line":47,"column":12},"end":{"line":49,"column":14}},"21":{"start":{"line":48,"column":16},"end":{"line":48,"column":40}},"22":{"start":{"line":53,"column":4},"end":{"line":53,"column":18}},"23":{"start":{"line":58,"column":16},"end":{"line":58,"column":20}},"24":{"start":{"line":59,"column":21},"end":{"line":59,"column":46}},"25":{"start":{"line":61,"column":4},"end":{"line":104,"column":7}},"26":{"start":{"line":71,"column":19},"end":{"line":71,"column":21}},"27":{"start":{"line":73,"column":18},"end":{"line":73,"column":57}},"28":{"start":{"line":75,"column":8},"end":{"line":84,"column":10}},"29":{"start":{"line":76,"column":12},"end":{"line":81,"column":13}},"30":{"start":{"line":77,"column":33},"end":{"line":77,"column":43}},"31":{"start":{"line":78,"column":16},"end":{"line":78,"column":55}},"32":{"start":{"line":79,"column":16},"end":{"line":79,"column":53}},"33":{"start":{"line":80,"column":16},"end":{"line":80,"column":65}},"34":{"start":{"line":86,"column":8},"end":{"line":86,"column":26}},"35":{"start":{"line":88,"column":25},"end":{"line":88,"column":78}},"36":{"start":{"line":90,"column":24},"end":{"line":90,"column":26}},"37":{"start":{"line":91,"column":8},"end":{"line":97,"column":11}},"38":{"start":{"line":92,"column":12},"end":{"line":96,"column":13}},"39":{"start":{"line":93,"column":16},"end":{"line":95,"column":18}},"40":{"start":{"line":94,"column":20},"end":{"line":94,"column":41}},"41":{"start":{"line":99,"column":8},"end":{"line":99,"column":130}},"42":{"start":{"line":103,"column":8},"end":{"line":103,"column":22}},"43":{"start":{"line":106,"column":4},"end":{"line":106,"column":17}},"44":{"start":{"line":111,"column":18},"end":{"line":111,"column":22}},"45":{"start":{"line":112,"column":21},"end":{"line":112,"column":101}},"46":{"start":{"line":114,"column":4},"end":{"line":120,"column":7}},"47":{"start":{"line":119,"column":8},"end":{"line":119,"column":24}},"48":{"start":{"line":122,"column":4},"end":{"line":122,"column":19}},"49":{"start":{"line":128,"column":19},"end":{"line":128,"column":21}},"50":{"start":{"line":129,"column":21},"end":{"line":129,"column":100}},"51":{"start":{"line":131,"column":4},"end":{"line":140,"column":7}},"52":{"start":{"line":133,"column":8},"end":{"line":137,"column":9}},"53":{"start":{"line":134,"column":12},"end":{"line":136,"column":14}},"54":{"start":{"line":135,"column":16},"end":{"line":135,"column":36}},"55":{"start":{"line":142,"column":4},"end":{"line":142,"column":20}},"56":{"start":{"line":148,"column":16},"end":{"line":148,"column":20}},"57":{"start":{"line":149,"column":24},"end":{"line":149,"column":103}},"58":{"start":{"line":150,"column":20},"end":{"line":150,"column":49}},"59":{"start":{"line":151,"column":21},"end":{"line":151,"column":38}},"60":{"start":{"line":153,"column":4},"end":{"line":163,"column":7}},"61":{"start":{"line":162,"column":8},"end":{"line":162,"column":22}},"62":{"start":{"line":165,"column":4},"end":{"line":165,"column":17}},"63":{"start":{"line":171,"column":16},"end":{"line":171,"column":20}},"64":{"start":{"line":172,"column":24},"end":{"line":172,"column":103}},"65":{"start":{"line":174,"column":4},"end":{"line":212,"column":7}},"66":{"start":{"line":178,"column":19},"end":{"line":178,"column":21}},"67":{"start":{"line":180,"column":18},"end":{"line":180,"column":57}},"68":{"start":{"line":182,"column":8},"end":{"line":191,"column":10}},"69":{"start":{"line":183,"column":12},"end":{"line":188,"column":13}},"70":{"start":{"line":184,"column":33},"end":{"line":184,"column":43}},"71":{"start":{"line":185,"column":16},"end":{"line":185,"column":55}},"72":{"start":{"line":186,"column":16},"end":{"line":186,"column":53}},"73":{"start":{"line":187,"column":16},"end":{"line":187,"column":65}},"74":{"start":{"line":193,"column":8},"end":{"line":193,"column":26}},"75":{"start":{"line":195,"column":25},"end":{"line":195,"column":78}},"76":{"start":{"line":197,"column":24},"end":{"line":197,"column":26}},"77":{"start":{"line":198,"column":8},"end":{"line":204,"column":11}},"78":{"start":{"line":199,"column":12},"end":{"line":203,"column":13}},"79":{"start":{"line":200,"column":16},"end":{"line":202,"column":18}},"80":{"start":{"line":201,"column":20},"end":{"line":201,"column":41}},"81":{"start":{"line":206,"column":8},"end":{"line":206,"column":87}},"82":{"start":{"line":211,"column":8},"end":{"line":211,"column":22}},"83":{"start":{"line":214,"column":4},"end":{"line":214,"column":17}},"84":{"start":{"line":224,"column":0},"end":{"line":224,"column":129}}},"fnMap":{"0":{"name":"getAllArticles","decl":{"start":{"line":5,"column":15},"end":{"line":5,"column":29}},"loc":{"start":{"line":5,"column":31},"end":{"line":20,"column":1}},"line":5},"1":{"name":"(anonymous_1)","decl":{"start":{"line":10,"column":30},"end":{"line":10,"column":31}},"loc":{"start":{"line":10,"column":42},"end":{"line":16,"column":5}},"line":10},"2":{"name":"(anonymous_2)","decl":{"start":{"line":12,"column":29},"end":{"line":12,"column":30}},"loc":{"start":{"line":12,"column":35},"end":{"line":14,"column":13}},"line":12},"3":{"name":"getPendingArticles","decl":{"start":{"line":23,"column":15},"end":{"line":23,"column":33}},"loc":{"start":{"line":23,"column":35},"end":{"line":37,"column":1}},"line":23},"4":{"name":"(anonymous_4)","decl":{"start":{"line":28,"column":30},"end":{"line":28,"column":31}},"loc":{"start":{"line":28,"column":42},"end":{"line":34,"column":5}},"line":28},"5":{"name":"(anonymous_5)","decl":{"start":{"line":30,"column":29},"end":{"line":30,"column":30}},"loc":{"start":{"line":30,"column":35},"end":{"line":32,"column":13}},"line":30},"6":{"name":"getApprovedArticles","decl":{"start":{"line":40,"column":15},"end":{"line":40,"column":34}},"loc":{"start":{"line":40,"column":36},"end":{"line":54,"column":1}},"line":40},"7":{"name":"(anonymous_7)","decl":{"start":{"line":45,"column":30},"end":{"line":45,"column":31}},"loc":{"start":{"line":45,"column":42},"end":{"line":51,"column":5}},"line":45},"8":{"name":"(anonymous_8)","decl":{"start":{"line":47,"column":29},"end":{"line":47,"column":30}},"loc":{"start":{"line":47,"column":35},"end":{"line":49,"column":13}},"line":47},"9":{"name":"addArticle","decl":{"start":{"line":57,"column":15},"end":{"line":57,"column":25}},"loc":{"start":{"line":57,"column":39},"end":{"line":107,"column":1}},"line":57},"10":{"name":"(anonymous_10)","decl":{"start":{"line":70,"column":10},"end":{"line":70,"column":11}},"loc":{"start":{"line":70,"column":28},"end":{"line":100,"column":5}},"line":70},"11":{"name":"(anonymous_11)","decl":{"start":{"line":75,"column":27},"end":{"line":75,"column":28}},"loc":{"start":{"line":75,"column":36},"end":{"line":82,"column":9}},"line":75},"12":{"name":"(anonymous_12)","decl":{"start":{"line":82,"column":17},"end":{"line":82,"column":18}},"loc":{"start":{"line":82,"column":28},"end":{"line":84,"column":9}},"line":82},"13":{"name":"(anonymous_13)","decl":{"start":{"line":91,"column":34},"end":{"line":91,"column":35}},"loc":{"start":{"line":91,"column":46},"end":{"line":97,"column":9}},"line":91},"14":{"name":"(anonymous_14)","decl":{"start":{"line":93,"column":33},"end":{"line":93,"column":34}},"loc":{"start":{"line":93,"column":39},"end":{"line":95,"column":17}},"line":93},"15":{"name":"(anonymous_15)","decl":{"start":{"line":101,"column":11},"end":{"line":101,"column":12}},"loc":{"start":{"line":101,"column":22},"end":{"line":104,"column":5}},"line":101},"16":{"name":"deleteArticle","decl":{"start":{"line":110,"column":15},"end":{"line":110,"column":28}},"loc":{"start":{"line":110,"column":40},"end":{"line":124,"column":1}},"line":110},"17":{"name":"(anonymous_17)","decl":{"start":{"line":115,"column":10},"end":{"line":115,"column":11}},"loc":{"start":{"line":115,"column":16},"end":{"line":117,"column":5}},"line":115},"18":{"name":"(anonymous_18)","decl":{"start":{"line":117,"column":13},"end":{"line":117,"column":14}},"loc":{"start":{"line":117,"column":24},"end":{"line":120,"column":5}},"line":117},"19":{"name":"getArticle","decl":{"start":{"line":127,"column":15},"end":{"line":127,"column":25}},"loc":{"start":{"line":127,"column":38},"end":{"line":143,"column":1}},"line":127},"20":{"name":"(anonymous_20)","decl":{"start":{"line":132,"column":10},"end":{"line":132,"column":11}},"loc":{"start":{"line":132,"column":24},"end":{"line":138,"column":5}},"line":132},"21":{"name":"(anonymous_21)","decl":{"start":{"line":134,"column":29},"end":{"line":134,"column":30}},"loc":{"start":{"line":134,"column":35},"end":{"line":136,"column":13}},"line":134},"22":{"name":"(anonymous_22)","decl":{"start":{"line":138,"column":13},"end":{"line":138,"column":14}},"loc":{"start":{"line":138,"column":24},"end":{"line":140,"column":5}},"line":138},"23":{"name":"addLike","decl":{"start":{"line":147,"column":15},"end":{"line":147,"column":22}},"loc":{"start":{"line":147,"column":35},"end":{"line":167,"column":1}},"line":147},"24":{"name":"(anonymous_24)","decl":{"start":{"line":156,"column":10},"end":{"line":156,"column":11}},"loc":{"start":{"line":156,"column":16},"end":{"line":158,"column":5}},"line":156},"25":{"name":"(anonymous_25)","decl":{"start":{"line":159,"column":11},"end":{"line":159,"column":12}},"loc":{"start":{"line":159,"column":22},"end":{"line":163,"column":5}},"line":159},"26":{"name":"approveArticle","decl":{"start":{"line":170,"column":15},"end":{"line":170,"column":29}},"loc":{"start":{"line":170,"column":42},"end":{"line":215,"column":1}},"line":170},"27":{"name":"(anonymous_27)","decl":{"start":{"line":177,"column":10},"end":{"line":177,"column":11}},"loc":{"start":{"line":177,"column":22},"end":{"line":207,"column":5}},"line":177},"28":{"name":"(anonymous_28)","decl":{"start":{"line":182,"column":27},"end":{"line":182,"column":28}},"loc":{"start":{"line":182,"column":36},"end":{"line":189,"column":9}},"line":182},"29":{"name":"(anonymous_29)","decl":{"start":{"line":189,"column":17},"end":{"line":189,"column":18}},"loc":{"start":{"line":189,"column":28},"end":{"line":191,"column":9}},"line":189},"30":{"name":"(anonymous_30)","decl":{"start":{"line":198,"column":34},"end":{"line":198,"column":35}},"loc":{"start":{"line":198,"column":46},"end":{"line":204,"column":9}},"line":198},"31":{"name":"(anonymous_31)","decl":{"start":{"line":200,"column":33},"end":{"line":200,"column":34}},"loc":{"start":{"line":200,"column":39},"end":{"line":202,"column":17}},"line":200},"32":{"name":"(anonymous_32)","decl":{"start":{"line":208,"column":11},"end":{"line":208,"column":12}},"loc":{"start":{"line":208,"column":22},"end":{"line":212,"column":5}},"line":208}},"branchMap":{"0":{"loc":{"start":{"line":11,"column":8},"end":{"line":15,"column":9}},"type":"if","locations":[{"start":{"line":11,"column":8},"end":{"line":15,"column":9}},{"start":{},"end":{}}],"line":11},"1":{"loc":{"start":{"line":29,"column":8},"end":{"line":33,"column":9}},"type":"if","locations":[{"start":{"line":29,"column":8},"end":{"line":33,"column":9}},{"start":{},"end":{}}],"line":29},"2":{"loc":{"start":{"line":46,"column":8},"end":{"line":50,"column":9}},"type":"if","locations":[{"start":{"line":46,"column":8},"end":{"line":50,"column":9}},{"start":{},"end":{}}],"line":46},"3":{"loc":{"start":{"line":76,"column":12},"end":{"line":81,"column":13}},"type":"if","locations":[{"start":{"line":76,"column":12},"end":{"line":81,"column":13}},{"start":{},"end":{}}],"line":76},"4":{"loc":{"start":{"line":92,"column":12},"end":{"line":96,"column":13}},"type":"if","locations":[{"start":{"line":92,"column":12},"end":{"line":96,"column":13}},{"start":{},"end":{}}],"line":92},"5":{"loc":{"start":{"line":133,"column":8},"end":{"line":137,"column":9}},"type":"if","locations":[{"start":{"line":133,"column":8},"end":{"line":137,"column":9}},{"start":{},"end":{}}],"line":133},"6":{"loc":{"start":{"line":183,"column":12},"end":{"line":188,"column":13}},"type":"if","locations":[{"start":{"line":183,"column":12},"end":{"line":188,"column":13}},{"start":{},"end":{}}],"line":183},"7":{"loc":{"start":{"line":199,"column":12},"end":{"line":203,"column":13}},"type":"if","locations":[{"start":{"line":199,"column":12},"end":{"line":203,"column":13}},{"start":{},"end":{}}],"line":199}},"s":{"0":0,"1":0,"2":0,"3":0,"4":0,"5":0,"6":0,"7":0,"8":0,"9":0,"10":0,"11":0,"12":0,"13":0,"14":0,"15":0,"16":0,"17":0,"18":0,"19":0,"20":0,"21":0,"22":0,"23":0,"24":0,"25":0,"26":0,"27":0,"28":0,"29":0,"30":0,"31":0,"32":0,"33":0,"34":0,"35":0,"36":0,"37":0,"38":0,"39":0,"40":0,"41":0,"42":0,"43":0,"44":0,"45":0,"46":0,"47":0,"48":0,"49":0,"50":0,"51":0,"52":0,"53":0,"54":0,"55":0,"56":0,"57":0,"58":0,"59":0,"60":0,"61":0,"62":0,"63":0,"64":0,"65":0,"66":0,"67":0,"68":0,"69":0,"70":0,"71":0,"72":0,"73":0,"74":0,"75":0,"76":0,"77":0,"78":0,"79":0,"80":0,"81":0,"82":0,"83":0,"84":0},"f":{"0":0,"1":0,"2":0,"3":0,"4":0,"5":0,"6":0,"7":0,"8":0,"9":0,"10":0,"11":0,"12":0,"13":0,"14":0,"15":0,"16":0,"17":0,"18":0,"19":0,"20":0,"21":0,"22":0,"23":0,"24":0,"25":0,"26":0,"27":0,"28":0,"29":0,"30":0,"31":0,"32":0},"b":{"0":[0,0],"1":[0,0],"2":[0,0],"3":[0,0],"4":[0,0],"5":[0,0],"6":[0,0],"7":[0,0]}}
,"/Users/bokang/Desktop/Campus-Safety-App/Backend/modules/init.js": {"path":"/Users/bokang/Desktop/Campus-Safety-App/Backend/modules/init.js","statementMap":{"0":{"start":{"line":1,"column":12},"end":{"line":1,"column":37}},"1":{"start":{"line":4,"column":36},"end":{"line":4,"column":78}},"2":{"start":{"line":5,"column":30},"end":{"line":5,"column":98}},"3":{"start":{"line":6,"column":20},"end":{"line":6,"column":53}},"4":{"start":{"line":9,"column":0},"end":{"line":11,"column":3}},"5":{"start":{"line":14,"column":11},"end":{"line":14,"column":28}},"6":{"start":{"line":16,"column":17},"end":{"line":16,"column":63}},"7":{"start":{"line":18,"column":0},"end":{"line":18,"column":36}}},"fnMap":{},"branchMap":{},"s":{"0":0,"1":0,"2":0,"3":0,"4":0,"5":0,"6":0,"7":0},"f":{},"b":{}}
,"/Users/bokang/Desktop/Campus-Safety-App/Backend/modules/notification.js": {"path":"/Users/bokang/Desktop/Campus-Safety-App/Backend/modules/notification.js","statementMap":{"0":{"start":{"line":1,"column":25},"end":{"line":1,"column":45}},"1":{"start":{"line":5,"column":21},"end":{"line":5,"column":75}},"2":{"start":{"line":7,"column":17},"end":{"line":7,"column":19}},"3":{"start":{"line":9,"column":4},"end":{"line":15,"column":7}},"4":{"start":{"line":10,"column":8},"end":{"line":14,"column":9}},"5":{"start":{"line":11,"column":12},"end":{"line":13,"column":14}},"6":{"start":{"line":12,"column":16},"end":{"line":12,"column":40}},"7":{"start":{"line":17,"column":4},"end":{"line":17,"column":18}},"8":{"start":{"line":23,"column":16},"end":{"line":23,"column":17}},"9":{"start":{"line":26,"column":14},"end":{"line":26,"column":44}},"10":{"start":{"line":27,"column":4},"end":{"line":37,"column":7}},"11":{"start":{"line":29,"column":8},"end":{"line":33,"column":9}},"12":{"start":{"line":30,"column":12},"end":{"line":30,"column":38}},"13":{"start":{"line":36,"column":8},"end":{"line":36,"column":75}},"14":{"start":{"line":41,"column":4},"end":{"line":68,"column":7}},"15":{"start":{"line":42,"column":8},"end":{"line":42,"column":25}},"16":{"start":{"line":43,"column":24},"end":{"line":43,"column":54}},"17":{"start":{"line":45,"column":25},"end":{"line":45,"column":59}},"18":{"start":{"line":47,"column":8},"end":{"line":67,"column":11}},"19":{"start":{"line":66,"column":12},"end":{"line":66,"column":26}},"20":{"start":{"line":73,"column":21},"end":{"line":73,"column":105}},"21":{"start":{"line":75,"column":17},"end":{"line":75,"column":19}},"22":{"start":{"line":77,"column":4},"end":{"line":83,"column":7}},"23":{"start":{"line":78,"column":8},"end":{"line":82,"column":9}},"24":{"start":{"line":79,"column":12},"end":{"line":81,"column":14}},"25":{"start":{"line":80,"column":16},"end":{"line":80,"column":40}},"26":{"start":{"line":85,"column":4},"end":{"line":85,"column":18}},"27":{"start":{"line":90,"column":21},"end":{"line":90,"column":107}},"28":{"start":{"line":92,"column":17},"end":{"line":92,"column":19}},"29":{"start":{"line":94,"column":4},"end":{"line":100,"column":7}},"30":{"start":{"line":95,"column":8},"end":{"line":99,"column":9}},"31":{"start":{"line":96,"column":12},"end":{"line":98,"column":14}},"32":{"start":{"line":97,"column":16},"end":{"line":97,"column":40}},"33":{"start":{"line":102,"column":4},"end":{"line":102,"column":18}},"34":{"start":{"line":107,"column":16},"end":{"line":107,"column":20}},"35":{"start":{"line":108,"column":24},"end":{"line":108,"column":124}},"36":{"start":{"line":110,"column":4},"end":{"line":120,"column":7}},"37":{"start":{"line":119,"column":8},"end":{"line":119,"column":22}},"38":{"start":{"line":122,"column":4},"end":{"line":122,"column":17}},"39":{"start":{"line":127,"column":0},"end":{"line":127,"column":139}}},"fnMap":{"0":{"name":"getAllNotifications","decl":{"start":{"line":4,"column":15},"end":{"line":4,"column":34}},"loc":{"start":{"line":4,"column":39},"end":{"line":18,"column":1}},"line":4},"1":{"name":"(anonymous_1)","decl":{"start":{"line":9,"column":30},"end":{"line":9,"column":31}},"loc":{"start":{"line":9,"column":42},"end":{"line":15,"column":5}},"line":9},"2":{"name":"(anonymous_2)","decl":{"start":{"line":11,"column":29},"end":{"line":11,"column":30}},"loc":{"start":{"line":11,"column":35},"end":{"line":13,"column":13}},"line":11},"3":{"name":"appendNotifications","decl":{"start":{"line":22,"column":15},"end":{"line":22,"column":34}},"loc":{"start":{"line":22,"column":88},"end":{"line":69,"column":1}},"line":22},"4":{"name":"(anonymous_4)","decl":{"start":{"line":28,"column":10},"end":{"line":28,"column":11}},"loc":{"start":{"line":28,"column":29},"end":{"line":34,"column":5}},"line":28},"5":{"name":"(anonymous_5)","decl":{"start":{"line":35,"column":11},"end":{"line":35,"column":12}},"loc":{"start":{"line":35,"column":22},"end":{"line":37,"column":5}},"line":35},"6":{"name":"(anonymous_6)","decl":{"start":{"line":41,"column":18},"end":{"line":41,"column":19}},"loc":{"start":{"line":41,"column":33},"end":{"line":68,"column":5}},"line":41},"7":{"name":"(anonymous_7)","decl":{"start":{"line":61,"column":14},"end":{"line":61,"column":15}},"loc":{"start":{"line":61,"column":20},"end":{"line":63,"column":9}},"line":61},"8":{"name":"(anonymous_8)","decl":{"start":{"line":64,"column":15},"end":{"line":64,"column":16}},"loc":{"start":{"line":64,"column":26},"end":{"line":67,"column":9}},"line":64},"9":{"name":"getAllReadNotifications","decl":{"start":{"line":72,"column":15},"end":{"line":72,"column":38}},"loc":{"start":{"line":72,"column":43},"end":{"line":86,"column":1}},"line":72},"10":{"name":"(anonymous_10)","decl":{"start":{"line":77,"column":30},"end":{"line":77,"column":31}},"loc":{"start":{"line":77,"column":42},"end":{"line":83,"column":5}},"line":77},"11":{"name":"(anonymous_11)","decl":{"start":{"line":79,"column":29},"end":{"line":79,"column":30}},"loc":{"start":{"line":79,"column":35},"end":{"line":81,"column":13}},"line":79},"12":{"name":"getAllUnreadNotifications","decl":{"start":{"line":89,"column":15},"end":{"line":89,"column":40}},"loc":{"start":{"line":89,"column":45},"end":{"line":103,"column":1}},"line":89},"13":{"name":"(anonymous_13)","decl":{"start":{"line":94,"column":30},"end":{"line":94,"column":31}},"loc":{"start":{"line":94,"column":42},"end":{"line":100,"column":5}},"line":94},"14":{"name":"(anonymous_14)","decl":{"start":{"line":96,"column":29},"end":{"line":96,"column":30}},"loc":{"start":{"line":96,"column":35},"end":{"line":98,"column":13}},"line":96},"15":{"name":"updateNotificationStatus","decl":{"start":{"line":106,"column":15},"end":{"line":106,"column":39}},"loc":{"start":{"line":106,"column":60},"end":{"line":123,"column":1}},"line":106},"16":{"name":"(anonymous_16)","decl":{"start":{"line":113,"column":10},"end":{"line":113,"column":11}},"loc":{"start":{"line":113,"column":22},"end":{"line":115,"column":5}},"line":113},"17":{"name":"(anonymous_17)","decl":{"start":{"line":116,"column":11},"end":{"line":116,"column":12}},"loc":{"start":{"line":116,"column":22},"end":{"line":120,"column":5}},"line":116}},"branchMap":{"0":{"loc":{"start":{"line":10,"column":8},"end":{"line":14,"column":9}},"type":"if","locations":[{"start":{"line":10,"column":8},"end":{"line":14,"column":9}},{"start":{},"end":{}}],"line":10},"1":{"loc":{"start":{"line":29,"column":8},"end":{"line":33,"column":9}},"type":"if","locations":[{"start":{"line":29,"column":8},"end":{"line":33,"column":9}},{"start":{"line":31,"column":15},"end":{"line":33,"column":9}}],"line":29},"2":{"loc":{"start":{"line":78,"column":8},"end":{"line":82,"column":9}},"type":"if","locations":[{"start":{"line":78,"column":8},"end":{"line":82,"column":9}},{"start":{},"end":{}}],"line":78},"3":{"loc":{"start":{"line":95,"column":8},"end":{"line":99,"column":9}},"type":"if","locations":[{"start":{"line":95,"column":8},"end":{"line":99,"column":9}},{"start":{},"end":{}}],"line":95}},"s":{"0":0,"1":0,"2":0,"3":0,"4":0,"5":0,"6":0,"7":0,"8":0,"9":0,"10":0,"11":0,"12":0,"13":0,"14":0,"15":0,"16":0,"17":0,"18":0,"19":0,"20":0,"21":0,"22":0,"23":0,"24":0,"25":0,"26":0,"27":0,"28":0,"29":0,"30":0,"31":0,"32":0,"33":0,"34":0,"35":0,"36":0,"37":0,"38":0,"39":0},"f":{"0":0,"1":0,"2":0,"3":0,"4":0,"5":0,"6":0,"7":0,"8":0,"9":0,"10":0,"11":0,"12":0,"13":0,"14":0,"15":0,"16":0,"17":0},"b":{"0":[0,0],"1":[0,0],"2":[0,0],"3":[0,0]}}
,"/Users/bokang/Desktop/Campus-Safety-App/Backend/modules/profile.js": {"path":"/Users/bokang/Desktop/Campus-Safety-App/Backend/modules/profile.js","statementMap":{"0":{"start":{"line":2,"column":31},"end":{"line":2,"column":51}},"1":{"start":{"line":3,"column":46},"end":{"line":3,"column":75}},"2":{"start":{"line":5,"column":12},"end":{"line":5,"column":42}},"3":{"start":{"line":9,"column":4},"end":{"line":28,"column":5}},"4":{"start":{"line":10,"column":25},"end":{"line":15,"column":10}},"5":{"start":{"line":17,"column":8},"end":{"line":19,"column":9}},"6":{"start":{"line":18,"column":12},"end":{"line":18,"column":61}},"7":{"start":{"line":21,"column":25},"end":{"line":21,"column":46}},"8":{"start":{"line":24,"column":8},"end":{"line":24,"column":24}},"9":{"start":{"line":26,"column":8},"end":{"line":26,"column":59}},"10":{"start":{"line":27,"column":8},"end":{"line":27,"column":20}},"11":{"start":{"line":31,"column":0},"end":{"line":31,"column":29}}},"fnMap":{"0":{"name":"getUser","decl":{"start":{"line":8,"column":15},"end":{"line":8,"column":22}},"loc":{"start":{"line":8,"column":25},"end":{"line":29,"column":1}},"line":8}},"branchMap":{"0":{"loc":{"start":{"line":17,"column":8},"end":{"line":19,"column":9}},"type":"if","locations":[{"start":{"line":17,"column":8},"end":{"line":19,"column":9}},{"start":{},"end":{}}],"line":17}},"s":{"0":0,"1":0,"2":0,"3":0,"4":0,"5":0,"6":0,"7":0,"8":0,"9":0,"10":0,"11":0},"f":{"0":0},"b":{"0":[0,0]}}
,"/Users/bokang/Desktop/Campus-Safety-App/Backend/modules/report.js": {"path":"/Users/bokang/Desktop/Campus-Safety-App/Backend/modules/report.js","statementMap":{"0":{"start":{"line":1,"column":32},"end":{"line":1,"column":60}},"1":{"start":{"line":2,"column":15},"end":{"line":2,"column":35}},"2":{"start":{"line":6,"column":16},"end":{"line":6,"column":20}},"3":{"start":{"line":8,"column":20},"end":{"line":8,"column":44}},"4":{"start":{"line":10,"column":4},"end":{"line":54,"column":7}},"5":{"start":{"line":22,"column":20},"end":{"line":22,"column":22}},"6":{"start":{"line":24,"column":18},"end":{"line":24,"column":49}},"7":{"start":{"line":26,"column":8},"end":{"line":36,"column":10}},"8":{"start":{"line":27,"column":12},"end":{"line":32,"column":13}},"9":{"start":{"line":28,"column":33},"end":{"line":28,"column":43}},"10":{"start":{"line":29,"column":16},"end":{"line":29,"column":56}},"11":{"start":{"line":30,"column":16},"end":{"line":30,"column":54}},"12":{"start":{"line":31,"column":16},"end":{"line":31,"column":66}},"13":{"start":{"line":35,"column":12},"end":{"line":35,"column":61}},"14":{"start":{"line":38,"column":25},"end":{"line":38,"column":78}},"15":{"start":{"line":40,"column":24},"end":{"line":40,"column":26}},"16":{"start":{"line":41,"column":8},"end":{"line":47,"column":11}},"17":{"start":{"line":42,"column":12},"end":{"line":46,"column":13}},"18":{"start":{"line":43,"column":16},"end":{"line":45,"column":18}},"19":{"start":{"line":44,"column":20},"end":{"line":44,"column":41}},"20":{"start":{"line":49,"column":8},"end":{"line":49,"column":111}},"21":{"start":{"line":52,"column":8},"end":{"line":52,"column":57}},"22":{"start":{"line":53,"column":8},"end":{"line":53,"column":22}},"23":{"start":{"line":56,"column":4},"end":{"line":56,"column":17}},"24":{"start":{"line":62,"column":21},"end":{"line":62,"column":45}},"25":{"start":{"line":64,"column":17},"end":{"line":64,"column":19}},"26":{"start":{"line":66,"column":4},"end":{"line":72,"column":7}},"27":{"start":{"line":67,"column":8},"end":{"line":71,"column":9}},"28":{"start":{"line":68,"column":12},"end":{"line":70,"column":14}},"29":{"start":{"line":69,"column":16},"end":{"line":69,"column":40}},"30":{"start":{"line":74,"column":4},"end":{"line":74,"column":18}},"31":{"start":{"line":80,"column":21},"end":{"line":80,"column":70}},"32":{"start":{"line":82,"column":17},"end":{"line":82,"column":19}},"33":{"start":{"line":84,"column":4},"end":{"line":90,"column":7}},"34":{"start":{"line":85,"column":8},"end":{"line":89,"column":9}},"35":{"start":{"line":86,"column":12},"end":{"line":88,"column":14}},"36":{"start":{"line":87,"column":16},"end":{"line":87,"column":40}},"37":{"start":{"line":92,"column":4},"end":{"line":92,"column":18}},"38":{"start":{"line":99,"column":0},"end":{"line":99,"column":61}}},"fnMap":{"0":{"name":"addReport","decl":{"start":{"line":5,"column":15},"end":{"line":5,"column":24}},"loc":{"start":{"line":5,"column":37},"end":{"line":57,"column":1}},"line":5},"1":{"name":"(anonymous_1)","decl":{"start":{"line":21,"column":10},"end":{"line":21,"column":11}},"loc":{"start":{"line":21,"column":22},"end":{"line":50,"column":5}},"line":21},"2":{"name":"(anonymous_2)","decl":{"start":{"line":26,"column":27},"end":{"line":26,"column":28}},"loc":{"start":{"line":26,"column":36},"end":{"line":33,"column":9}},"line":26},"3":{"name":"(anonymous_3)","decl":{"start":{"line":33,"column":17},"end":{"line":33,"column":18}},"loc":{"start":{"line":33,"column":28},"end":{"line":36,"column":9}},"line":33},"4":{"name":"(anonymous_4)","decl":{"start":{"line":41,"column":34},"end":{"line":41,"column":35}},"loc":{"start":{"line":41,"column":46},"end":{"line":47,"column":9}},"line":41},"5":{"name":"(anonymous_5)","decl":{"start":{"line":43,"column":33},"end":{"line":43,"column":34}},"loc":{"start":{"line":43,"column":39},"end":{"line":45,"column":17}},"line":43},"6":{"name":"(anonymous_6)","decl":{"start":{"line":51,"column":11},"end":{"line":51,"column":12}},"loc":{"start":{"line":51,"column":22},"end":{"line":54,"column":5}},"line":51},"7":{"name":"getAllReports","decl":{"start":{"line":61,"column":15},"end":{"line":61,"column":28}},"loc":{"start":{"line":61,"column":30},"end":{"line":75,"column":1}},"line":61},"8":{"name":"(anonymous_8)","decl":{"start":{"line":66,"column":30},"end":{"line":66,"column":31}},"loc":{"start":{"line":66,"column":42},"end":{"line":72,"column":5}},"line":66},"9":{"name":"(anonymous_9)","decl":{"start":{"line":68,"column":29},"end":{"line":68,"column":30}},"loc":{"start":{"line":68,"column":35},"end":{"line":70,"column":13}},"line":68},"10":{"name":"getUserReport","decl":{"start":{"line":79,"column":15},"end":{"line":79,"column":28}},"loc":{"start":{"line":79,"column":33},"end":{"line":93,"column":1}},"line":79},"11":{"name":"(anonymous_11)","decl":{"start":{"line":84,"column":30},"end":{"line":84,"column":31}},"loc":{"start":{"line":84,"column":42},"end":{"line":90,"column":5}},"line":84},"12":{"name":"(anonymous_12)","decl":{"start":{"line":86,"column":29},"end":{"line":86,"column":30}},"loc":{"start":{"line":86,"column":35},"end":{"line":88,"column":13}},"line":86}},"branchMap":{"0":{"loc":{"start":{"line":27,"column":12},"end":{"line":32,"column":13}},"type":"if","locations":[{"start":{"line":27,"column":12},"end":{"line":32,"column":13}},{"start":{},"end":{}}],"line":27},"1":{"loc":{"start":{"line":42,"column":12},"end":{"line":46,"column":13}},"type":"if","locations":[{"start":{"line":42,"column":12},"end":{"line":46,"column":13}},{"start":{},"end":{}}],"line":42},"2":{"loc":{"start":{"line":67,"column":8},"end":{"line":71,"column":9}},"type":"if","locations":[{"start":{"line":67,"column":8},"end":{"line":71,"column":9}},{"start":{},"end":{}}],"line":67},"3":{"loc":{"start":{"line":85,"column":8},"end":{"line":89,"column":9}},"type":"if","locations":[{"start":{"line":85,"column":8},"end":{"line":89,"column":9}},{"start":{},"end":{}}],"line":85}},"s":{"0":0,"1":0,"2":0,"3":0,"4":0,"5":0,"6":0,"7":0,"8":0,"9":0,"10":0,"11":0,"12":0,"13":0,"14":0,"15":0,"16":0,"17":0,"18":0,"19":0,"20":0,"21":0,"22":0,"23":0,"24":0,"25":0,"26":0,"27":0,"28":0,"29":0,"30":0,"31":0,"32":0,"33":0,"34":0,"35":0,"36":0,"37":0,"38":0},"f":{"0":0,"1":0,"2":0,"3":0,"4":0,"5":0,"6":0,"7":0,"8":0,"9":0,"10":0,"11":0,"12":0},"b":{"0":[0,0],"1":[0,0],"2":[0,0],"3":[0,0]}}
,"/Users/bokang/Desktop/Campus-Safety-App/Backend/modules/users.js": {"path":"/Users/bokang/Desktop/Campus-Safety-App/Backend/modules/users.js","statementMap":{"0":{"start":{"line":1,"column":15},"end":{"line":1,"column":35}},"1":{"start":{"line":6,"column":21},"end":{"line":6,"column":43}},"2":{"start":{"line":8,"column":17},"end":{"line":8,"column":19}},"3":{"start":{"line":10,"column":4},"end":{"line":16,"column":7}},"4":{"start":{"line":11,"column":8},"end":{"line":15,"column":9}},"5":{"start":{"line":12,"column":12},"end":{"line":14,"column":14}},"6":{"start":{"line":13,"column":16},"end":{"line":13,"column":40}},"7":{"start":{"line":18,"column":4},"end":{"line":18,"column":18}},"8":{"start":{"line":24,"column":17},"end":{"line":24,"column":19}},"9":{"start":{"line":25,"column":18},"end":{"line":25,"column":49}},"10":{"start":{"line":27,"column":4},"end":{"line":34,"column":6}},"11":{"start":{"line":28,"column":8},"end":{"line":31,"column":9}},"12":{"start":{"line":29,"column":12},"end":{"line":29,"column":36}},"13":{"start":{"line":36,"column":4},"end":{"line":36,"column":18}},"14":{"start":{"line":42,"column":16},"end":{"line":42,"column":20}},"15":{"start":{"line":44,"column":22},"end":{"line":44,"column":53}},"16":{"start":{"line":45,"column":16},"end":{"line":45,"column":37}},"17":{"start":{"line":47,"column":4},"end":{"line":49,"column":5}},"18":{"start":{"line":48,"column":8},"end":{"line":48,"column":22}},"19":{"start":{"line":52,"column":20},"end":{"line":52,"column":51}},"20":{"start":{"line":54,"column":4},"end":{"line":70,"column":7}},"21":{"start":{"line":69,"column":8},"end":{"line":69,"column":22}},"22":{"start":{"line":72,"column":4},"end":{"line":72,"column":17}},"23":{"start":{"line":77,"column":18},"end":{"line":77,"column":22}},"24":{"start":{"line":79,"column":20},"end":{"line":79,"column":51}},"25":{"start":{"line":81,"column":4},"end":{"line":94,"column":7}},"26":{"start":{"line":93,"column":8},"end":{"line":93,"column":24}},"27":{"start":{"line":96,"column":4},"end":{"line":96,"column":19}},"28":{"start":{"line":101,"column":18},"end":{"line":101,"column":22}},"29":{"start":{"line":103,"column":20},"end":{"line":103,"column":51}},"30":{"start":{"line":105,"column":4},"end":{"line":113,"column":7}},"31":{"start":{"line":112,"column":8},"end":{"line":112,"column":24}},"32":{"start":{"line":115,"column":4},"end":{"line":115,"column":19}},"33":{"start":{"line":123,"column":0},"end":{"line":123,"column":88}}},"fnMap":{"0":{"name":"getAllUsers","decl":{"start":{"line":5,"column":15},"end":{"line":5,"column":26}},"loc":{"start":{"line":5,"column":28},"end":{"line":19,"column":1}},"line":5},"1":{"name":"(anonymous_1)","decl":{"start":{"line":10,"column":30},"end":{"line":10,"column":31}},"loc":{"start":{"line":10,"column":42},"end":{"line":16,"column":5}},"line":10},"2":{"name":"(anonymous_2)","decl":{"start":{"line":12,"column":29},"end":{"line":12,"column":30}},"loc":{"start":{"line":12,"column":35},"end":{"line":14,"column":13}},"line":12},"3":{"name":"getUser","decl":{"start":{"line":23,"column":15},"end":{"line":23,"column":22}},"loc":{"start":{"line":23,"column":27},"end":{"line":37,"column":1}},"line":23},"4":{"name":"(anonymous_4)","decl":{"start":{"line":27,"column":29},"end":{"line":27,"column":30}},"loc":{"start":{"line":27,"column":38},"end":{"line":32,"column":5}},"line":27},"5":{"name":"(anonymous_5)","decl":{"start":{"line":32,"column":13},"end":{"line":32,"column":14}},"loc":{"start":{"line":32,"column":24},"end":{"line":34,"column":5}},"line":32},"6":{"name":"addUser","decl":{"start":{"line":41,"column":15},"end":{"line":41,"column":22}},"loc":{"start":{"line":41,"column":33},"end":{"line":73,"column":1}},"line":41},"7":{"name":"(anonymous_7)","decl":{"start":{"line":64,"column":10},"end":{"line":64,"column":11}},"loc":{"start":{"line":64,"column":16},"end":{"line":66,"column":5}},"line":64},"8":{"name":"(anonymous_8)","decl":{"start":{"line":67,"column":11},"end":{"line":67,"column":12}},"loc":{"start":{"line":67,"column":22},"end":{"line":70,"column":5}},"line":67},"9":{"name":"updateProfile","decl":{"start":{"line":76,"column":15},"end":{"line":76,"column":28}},"loc":{"start":{"line":76,"column":39},"end":{"line":97,"column":1}},"line":76},"10":{"name":"(anonymous_10)","decl":{"start":{"line":86,"column":10},"end":{"line":86,"column":11}},"loc":{"start":{"line":86,"column":16},"end":{"line":88,"column":5}},"line":86},"11":{"name":"(anonymous_11)","decl":{"start":{"line":89,"column":11},"end":{"line":89,"column":12}},"loc":{"start":{"line":89,"column":22},"end":{"line":94,"column":5}},"line":89},"12":{"name":"updateProfilePicture","decl":{"start":{"line":100,"column":15},"end":{"line":100,"column":35}},"loc":{"start":{"line":100,"column":45},"end":{"line":116,"column":1}},"line":100},"13":{"name":"(anonymous_13)","decl":{"start":{"line":108,"column":10},"end":{"line":108,"column":11}},"loc":{"start":{"line":108,"column":16},"end":{"line":110,"column":5}},"line":108},"14":{"name":"(anonymous_14)","decl":{"start":{"line":111,"column":11},"end":{"line":111,"column":12}},"loc":{"start":{"line":111,"column":22},"end":{"line":113,"column":5}},"line":111}},"branchMap":{"0":{"loc":{"start":{"line":11,"column":8},"end":{"line":15,"column":9}},"type":"if","locations":[{"start":{"line":11,"column":8},"end":{"line":15,"column":9}},{"start":{},"end":{}}],"line":11},"1":{"loc":{"start":{"line":28,"column":8},"end":{"line":31,"column":9}},"type":"if","locations":[{"start":{"line":28,"column":8},"end":{"line":31,"column":9}},{"start":{},"end":{}}],"line":28},"2":{"loc":{"start":{"line":47,"column":4},"end":{"line":49,"column":5}},"type":"if","locations":[{"start":{"line":47,"column":4},"end":{"line":49,"column":5}},{"start":{},"end":{}}],"line":47}},"s":{"0":0,"1":0,"2":0,"3":0,"4":0,"5":0,"6":0,"7":0,"8":0,"9":0,"10":0,"11":0,"12":0,"13":0,"14":0,"15":0,"16":0,"17":0,"18":0,"19":0,"20":0,"21":0,"22":0,"23":0,"24":0,"25":0,"26":0,"27":0,"28":0,"29":0,"30":0,"31":0,"32":0,"33":0},"f":{"0":0,"1":0,"2":0,"3":0,"4":0,"5":0,"6":0,"7":0,"8":0,"9":0,"10":0,"11":0,"12":0,"13":0,"14":0},"b":{"0":[0,0],"1":[0,0],"2":[0,0]}}
,"/Users/bokang/Desktop/Campus-Safety-App/app/modules/init.js": {"path":"/Users/bokang/Desktop/Campus-Safety-App/app/modules/init.js","statementMap":{"0":{"start":{"line":24,"column":23},"end":{"line":32,"column":1}},"1":{"start":{"line":36,"column":12},"end":{"line":36,"column":41}},"2":{"start":{"line":38,"column":11},"end":{"line":38,"column":28}},"3":{"start":{"line":41,"column":13},"end":{"line":41,"column":25}},"4":{"start":{"line":42,"column":17},"end":{"line":42,"column":41}},"5":{"start":{"line":44,"column":16},"end":{"line":44,"column":31}}},"fnMap":{},"branchMap":{},"s":{"0":1,"1":1,"2":1,"3":1,"4":1,"5":1},"f":{},"b":{},"_coverageSchema":"1a1c01bbd47fc00a2c39e90264f33305004495a9","hash":"dd5bce6863a25e924a7bb245ce87e0bfb9369d52"}
,"/Users/bokang/Desktop/Campus-Safety-App/app/modules/users.js": {"path":"/Users/bokang/Desktop/Campus-Safety-App/app/modules/users.js","statementMap":{"0":{"start":{"line":14,"column":18},"end":{"line":14,"column":23}},"1":{"start":{"line":16,"column":4},"end":{"line":64,"column":7}},"2":{"start":{"line":19,"column":27},"end":{"line":19,"column":74}},"3":{"start":{"line":20,"column":22},"end":{"line":20,"column":44}},"4":{"start":{"line":22,"column":21},"end":{"line":22,"column":32}},"5":{"start":{"line":23,"column":30},"end":{"line":23,"column":60}},"6":{"start":{"line":24,"column":29},"end":{"line":24,"column":59}},"7":{"start":{"line":25,"column":26},"end":{"line":25,"column":36}},"8":{"start":{"line":30,"column":8},"end":{"line":30,"column":53}},"9":{"start":{"line":31,"column":28},"end":{"line":35,"column":11}},"10":{"start":{"line":37,"column":8},"end":{"line":49,"column":11}},"11":{"start":{"line":45,"column":12},"end":{"line":45,"column":27}},"12":{"start":{"line":48,"column":12},"end":{"line":48,"column":32}},"13":{"start":{"line":56,"column":26},"end":{"line":56,"column":36}},"14":{"start":{"line":57,"column":29},"end":{"line":57,"column":42}},"15":{"start":{"line":61,"column":27},"end":{"line":61,"column":72}},"16":{"start":{"line":62,"column":8},"end":{"line":62,"column":34}},"17":{"start":{"line":66,"column":4},"end":{"line":66,"column":19}},"18":{"start":{"line":77,"column":18},"end":{"line":77,"column":23}},"19":{"start":{"line":78,"column":4},"end":{"line":122,"column":11}},"20":{"start":{"line":81,"column":25},"end":{"line":81,"column":44}},"21":{"start":{"line":82,"column":12},"end":{"line":82,"column":30}},"22":{"start":{"line":84,"column":32},"end":{"line":88,"column":15}},"23":{"start":{"line":90,"column":12},"end":{"line":90,"column":57}},"24":{"start":{"line":93,"column":12},"end":{"line":106,"column":15}},"25":{"start":{"line":101,"column":16},"end":{"line":101,"column":31}},"26":{"start":{"line":105,"column":16},"end":{"line":105,"column":36}},"27":{"start":{"line":107,"column":12},"end":{"line":107,"column":36}},"28":{"start":{"line":112,"column":30},"end":{"line":112,"column":40}},"29":{"start":{"line":113,"column":33},"end":{"line":113,"column":46}},"30":{"start":{"line":116,"column":12},"end":{"line":116,"column":47}},"31":{"start":{"line":117,"column":12},"end":{"line":117,"column":31}},"32":{"start":{"line":119,"column":12},"end":{"line":121,"column":15}},"33":{"start":{"line":120,"column":12},"end":{"line":120,"column":44}},"34":{"start":{"line":123,"column":4},"end":{"line":123,"column":19}},"35":{"start":{"line":129,"column":17},"end":{"line":129,"column":22}},"36":{"start":{"line":130,"column":4},"end":{"line":152,"column":11}},"37":{"start":{"line":133,"column":25},"end":{"line":133,"column":44}},"38":{"start":{"line":135,"column":24},"end":{"line":135,"column":32}},"39":{"start":{"line":136,"column":12},"end":{"line":136,"column":52}},"40":{"start":{"line":139,"column":12},"end":{"line":139,"column":26}},"41":{"start":{"line":143,"column":30},"end":{"line":143,"column":40}},"42":{"start":{"line":144,"column":33},"end":{"line":144,"column":46}},"43":{"start":{"line":146,"column":12},"end":{"line":146,"column":54}},"44":{"start":{"line":147,"column":12},"end":{"line":147,"column":31}},"45":{"start":{"line":149,"column":12},"end":{"line":151,"column":15}},"46":{"start":{"line":150,"column":12},"end":{"line":150,"column":44}},"47":{"start":{"line":153,"column":4},"end":{"line":153,"column":24}},"48":{"start":{"line":154,"column":4},"end":{"line":154,"column":18}},"49":{"start":{"line":163,"column":4},"end":{"line":167,"column":7}}},"fnMap":{"0":{"name":"GooglesignInUser","decl":{"start":{"line":13,"column":9},"end":{"line":13,"column":25}},"loc":{"start":{"line":13,"column":27},"end":{"line":67,"column":1}},"line":13},"1":{"name":"(anonymous_1)","decl":{"start":{"line":17,"column":10},"end":{"line":17,"column":11}},"loc":{"start":{"line":17,"column":28},"end":{"line":54,"column":5}},"line":17},"2":{"name":"(anonymous_2)","decl":{"start":{"line":44,"column":14},"end":{"line":44,"column":15}},"loc":{"start":{"line":44,"column":20},"end":{"line":47,"column":9}},"line":44},"3":{"name":"(anonymous_3)","decl":{"start":{"line":47,"column":17},"end":{"line":47,"column":18}},"loc":{"start":{"line":47,"column":26},"end":{"line":49,"column":9}},"line":47},"4":{"name":"(anonymous_4)","decl":{"start":{"line":54,"column":13},"end":{"line":54,"column":14}},"loc":{"start":{"line":54,"column":24},"end":{"line":64,"column":5}},"line":54},"5":{"name":"NormalRegisterUser","decl":{"start":{"line":75,"column":15},"end":{"line":75,"column":33}},"loc":{"start":{"line":75,"column":77},"end":{"line":124,"column":1}},"line":75},"6":{"name":"(anonymous_6)","decl":{"start":{"line":79,"column":14},"end":{"line":79,"column":15}},"loc":{"start":{"line":79,"column":40},"end":{"line":110,"column":9}},"line":79},"7":{"name":"(anonymous_7)","decl":{"start":{"line":100,"column":18},"end":{"line":100,"column":19}},"loc":{"start":{"line":100,"column":24},"end":{"line":103,"column":13}},"line":100},"8":{"name":"(anonymous_8)","decl":{"start":{"line":104,"column":19},"end":{"line":104,"column":20}},"loc":{"start":{"line":104,"column":28},"end":{"line":106,"column":13}},"line":104},"9":{"name":"(anonymous_9)","decl":{"start":{"line":111,"column":15},"end":{"line":111,"column":16}},"loc":{"start":{"line":111,"column":26},"end":{"line":122,"column":9}},"line":111},"10":{"name":"(anonymous_10)","decl":{"start":{"line":119,"column":34},"end":{"line":119,"column":35}},"loc":{"start":{"line":119,"column":40},"end":{"line":121,"column":13}},"line":119},"11":{"name":"NormalSignInUser","decl":{"start":{"line":128,"column":15},"end":{"line":128,"column":31}},"loc":{"start":{"line":128,"column":54},"end":{"line":155,"column":1}},"line":128},"12":{"name":"(anonymous_12)","decl":{"start":{"line":131,"column":14},"end":{"line":131,"column":15}},"loc":{"start":{"line":131,"column":34},"end":{"line":141,"column":9}},"line":131},"13":{"name":"(anonymous_13)","decl":{"start":{"line":142,"column":15},"end":{"line":142,"column":16}},"loc":{"start":{"line":142,"column":26},"end":{"line":152,"column":9}},"line":142},"14":{"name":"(anonymous_14)","decl":{"start":{"line":149,"column":34},"end":{"line":149,"column":35}},"loc":{"start":{"line":149,"column":40},"end":{"line":151,"column":13}},"line":149},"15":{"name":"signOutUser","decl":{"start":{"line":162,"column":9},"end":{"line":162,"column":20}},"loc":{"start":{"line":162,"column":22},"end":{"line":168,"column":1}},"line":162},"16":{"name":"(anonymous_16)","decl":{"start":{"line":163,"column":23},"end":{"line":163,"column":24}},"loc":{"start":{"line":163,"column":29},"end":{"line":165,"column":5}},"line":163},"17":{"name":"(anonymous_17)","decl":{"start":{"line":165,"column":13},"end":{"line":165,"column":14}},"loc":{"start":{"line":165,"column":24},"end":{"line":167,"column":5}},"line":165}},"branchMap":{},"s":{"0":0,"1":0,"2":0,"3":0,"4":0,"5":0,"6":0,"7":0,"8":0,"9":0,"10":0,"11":0,"12":0,"13":0,"14":0,"15":0,"16":0,"17":0,"18":0,"19":0,"20":0,"21":0,"22":0,"23":0,"24":0,"25":0,"26":0,"27":0,"28":0,"29":0,"30":0,"31":0,"32":0,"33":0,"34":0,"35":0,"36":0,"37":0,"38":0,"39":0,"40":0,"41":0,"42":0,"43":0,"44":0,"45":0,"46":0,"47":0,"48":0,"49":0},"f":{"0":0,"1":0,"2":0,"3":0,"4":0,"5":0,"6":0,"7":0,"8":0,"9":0,"10":0,"11":0,"12":0,"13":0,"14":0,"15":0,"16":0,"17":0},"b":{}}
,"/Users/bokang/Desktop/Campus-Safety-App/app/scripts/ai.js": {"path":"/Users/bokang/Desktop/Campus-Safety-App/app/scripts/ai.js","statementMap":{"0":{"start":{"line":7,"column":20},"end":{"line":7,"column":49}},"1":{"start":{"line":10,"column":17},"end":{"line":10,"column":41}},"2":{"start":{"line":14,"column":18},"end":{"line":14,"column":77}},"3":{"start":{"line":22,"column":19},"end":{"line":22,"column":61}},"4":{"start":{"line":23,"column":26},"end":{"line":23,"column":73}},"5":{"start":{"line":24,"column":18},"end":{"line":24,"column":55}},"6":{"start":{"line":25,"column":15},"end":{"line":25,"column":56}},"7":{"start":{"line":26,"column":25},"end":{"line":26,"column":70}},"8":{"start":{"line":31,"column":0},"end":{"line":90,"column":3}},"9":{"start":{"line":32,"column":21},"end":{"line":32,"column":33}},"10":{"start":{"line":35,"column":4},"end":{"line":37,"column":5}},"11":{"start":{"line":36,"column":8},"end":{"line":36,"column":15}},"12":{"start":{"line":40,"column":4},"end":{"line":40,"column":39}},"13":{"start":{"line":43,"column":4},"end":{"line":43,"column":57}},"14":{"start":{"line":48,"column":20},"end":{"line":48,"column":49}},"15":{"start":{"line":49,"column":4},"end":{"line":49,"column":35}},"16":{"start":{"line":51,"column":18},"end":{"line":51,"column":45}},"17":{"start":{"line":52,"column":4},"end":{"line":52,"column":31}},"18":{"start":{"line":55,"column":4},"end":{"line":55,"column":31}},"19":{"start":{"line":56,"column":4},"end":{"line":56,"column":42}},"20":{"start":{"line":58,"column":4},"end":{"line":84,"column":13}},"21":{"start":{"line":61,"column":27},"end":{"line":61,"column":64}},"22":{"start":{"line":63,"column":29},"end":{"line":63,"column":44}},"23":{"start":{"line":64,"column":23},"end":{"line":64,"column":38}},"24":{"start":{"line":66,"column":8},"end":{"line":69,"column":53}},"25":{"start":{"line":72,"column":8},"end":{"line":72,"column":62}},"26":{"start":{"line":76,"column":8},"end":{"line":83,"column":10}},"27":{"start":{"line":89,"column":4},"end":{"line":89,"column":22}}},"fnMap":{"0":{"name":"(anonymous_0)","decl":{"start":{"line":31,"column":36},"end":{"line":31,"column":37}},"loc":{"start":{"line":31,"column":40},"end":{"line":90,"column":1}},"line":31},"1":{"name":"(anonymous_1)","decl":{"start":{"line":58,"column":15},"end":{"line":58,"column":16}},"loc":{"start":{"line":58,"column":32},"end":{"line":84,"column":5}},"line":58}},"branchMap":{"0":{"loc":{"start":{"line":35,"column":4},"end":{"line":37,"column":5}},"type":"if","locations":[{"start":{"line":35,"column":4},"end":{"line":37,"column":5}},{"start":{},"end":{}}],"line":35}},"s":{"0":0,"1":0,"2":0,"3":0,"4":0,"5":0,"6":0,"7":0,"8":0,"9":0,"10":0,"11":0,"12":0,"13":0,"14":0,"15":0,"16":0,"17":0,"18":0,"19":0,"20":0,"21":0,"22":0,"23":0,"24":0,"25":0,"26":0,"27":0},"f":{"0":0,"1":0},"b":{"0":[0,0]}}
,"/Users/bokang/Desktop/Campus-Safety-App/app/scripts/article.js": {"path":"/Users/bokang/Desktop/Campus-Safety-App/app/scripts/article.js","statementMap":{"0":{"start":{"line":4,"column":23},"end":{"line":12,"column":1}},"1":{"start":{"line":14,"column":12},"end":{"line":14,"column":41}},"2":{"start":{"line":15,"column":11},"end":{"line":15,"column":28}},"3":{"start":{"line":22,"column":4},"end":{"line":31,"column":5}},"4":{"start":{"line":23,"column":25},"end":{"line":23,"column":41}},"5":{"start":{"line":24,"column":8},"end":{"line":26,"column":9}},"6":{"start":{"line":25,"column":12},"end":{"line":25,"column":70}},"7":{"start":{"line":27,"column":21},"end":{"line":27,"column":42}},"8":{"start":{"line":28,"column":8},"end":{"line":28,"column":20}},"9":{"start":{"line":30,"column":8},"end":{"line":30,"column":53}},"10":{"start":{"line":34,"column":0},"end":{"line":34,"column":66}},"11":{"start":{"line":36,"column":0},"end":{"line":61,"column":3}},"12":{"start":{"line":37,"column":4},"end":{"line":60,"column":5}},"13":{"start":{"line":38,"column":21},"end":{"line":38,"column":23}},"14":{"start":{"line":39,"column":35},"end":{"line":39,"column":61}},"15":{"start":{"line":41,"column":30},"end":{"line":41,"column":63}},"16":{"start":{"line":43,"column":8},"end":{"line":57,"column":9}},"17":{"start":{"line":44,"column":12},"end":{"line":46,"column":15}},"18":{"start":{"line":45,"column":16},"end":{"line":45,"column":38}},"19":{"start":{"line":48,"column":12},"end":{"line":48,"column":27}},"20":{"start":{"line":50,"column":12},"end":{"line":55,"column":14}},"21":{"start":{"line":51,"column":29},"end":{"line":51,"column":65}},"22":{"start":{"line":52,"column":27},"end":{"line":52,"column":42}},"23":{"start":{"line":53,"column":29},"end":{"line":53,"column":66}},"24":{"start":{"line":54,"column":16},"end":{"line":54,"column":128}},"25":{"start":{"line":59,"column":8},"end":{"line":59,"column":37}},"26":{"start":{"line":64,"column":4},"end":{"line":72,"column":5}},"27":{"start":{"line":64,"column":14},"end":{"line":64,"column":15}},"28":{"start":{"line":65,"column":8},"end":{"line":71,"column":9}},"29":{"start":{"line":65,"column":18},"end":{"line":65,"column":19}},"30":{"start":{"line":66,"column":12},"end":{"line":70,"column":13}},"31":{"start":{"line":67,"column":27},"end":{"line":67,"column":34}},"32":{"start":{"line":68,"column":16},"end":{"line":68,"column":36}},"33":{"start":{"line":69,"column":16},"end":{"line":69,"column":33}},"34":{"start":{"line":76,"column":29},"end":{"line":76,"column":58}},"35":{"start":{"line":77,"column":4},"end":{"line":77,"column":56}},"36":{"start":{"line":79,"column":26},"end":{"line":79,"column":55}},"37":{"start":{"line":80,"column":4},"end":{"line":80,"column":50}},"38":{"start":{"line":82,"column":18},"end":{"line":82,"column":46}},"39":{"start":{"line":83,"column":4},"end":{"line":83,"column":30}},"40":{"start":{"line":84,"column":4},"end":{"line":84,"column":39}},"41":{"start":{"line":86,"column":14},"end":{"line":86,"column":41}},"42":{"start":{"line":87,"column":4},"end":{"line":87,"column":27}},"43":{"start":{"line":88,"column":4},"end":{"line":88,"column":33}},"44":{"start":{"line":90,"column":20},"end":{"line":90,"column":49}},"45":{"start":{"line":91,"column":4},"end":{"line":91,"column":39}},"46":{"start":{"line":92,"column":4},"end":{"line":92,"column":52}},"47":{"start":{"line":94,"column":4},"end":{"line":96,"column":7}},"48":{"start":{"line":95,"column":8},"end":{"line":95,"column":39}},"49":{"start":{"line":98,"column":4},"end":{"line":100,"column":7}},"50":{"start":{"line":99,"column":8},"end":{"line":99,"column":56}},"51":{"start":{"line":102,"column":4},"end":{"line":102,"column":39}},"52":{"start":{"line":103,"column":4},"end":{"line":103,"column":48}},"53":{"start":{"line":105,"column":4},"end":{"line":105,"column":48}}},"fnMap":{"0":{"name":"fetchData","decl":{"start":{"line":21,"column":15},"end":{"line":21,"column":24}},"loc":{"start":{"line":21,"column":30},"end":{"line":32,"column":1}},"line":21},"1":{"name":"(anonymous_1)","decl":{"start":{"line":36,"column":46},"end":{"line":36,"column":47}},"loc":{"start":{"line":36,"column":63},"end":{"line":61,"column":1}},"line":36},"2":{"name":"(anonymous_2)","decl":{"start":{"line":44,"column":34},"end":{"line":44,"column":35}},"loc":{"start":{"line":44,"column":43},"end":{"line":46,"column":13}},"line":44},"3":{"name":"(anonymous_3)","decl":{"start":{"line":50,"column":25},"end":{"line":50,"column":26}},"loc":{"start":{"line":50,"column":37},"end":{"line":55,"column":13}},"line":50},"4":{"name":"sortList","decl":{"start":{"line":63,"column":9},"end":{"line":63,"column":17}},"loc":{"start":{"line":63,"column":23},"end":{"line":73,"column":1}},"line":63},"5":{"name":"createArticles","decl":{"start":{"line":75,"column":9},"end":{"line":75,"column":23}},"loc":{"start":{"line":75,"column":57},"end":{"line":106,"column":1}},"line":75},"6":{"name":"(anonymous_6)","decl":{"start":{"line":94,"column":48},"end":{"line":94,"column":49}},"loc":{"start":{"line":94,"column":59},"end":{"line":96,"column":5}},"line":94},"7":{"name":"(anonymous_7)","decl":{"start":{"line":98,"column":47},"end":{"line":98,"column":48}},"loc":{"start":{"line":98,"column":58},"end":{"line":100,"column":5}},"line":98}},"branchMap":{"0":{"loc":{"start":{"line":24,"column":8},"end":{"line":26,"column":9}},"type":"if","locations":[{"start":{"line":24,"column":8},"end":{"line":26,"column":9}},{"start":{},"end":{}}],"line":24},"1":{"loc":{"start":{"line":43,"column":8},"end":{"line":57,"column":9}},"type":"if","locations":[{"start":{"line":43,"column":8},"end":{"line":57,"column":9}},{"start":{},"end":{}}],"line":43},"2":{"loc":{"start":{"line":66,"column":12},"end":{"line":70,"column":13}},"type":"if","locations":[{"start":{"line":66,"column":12},"end":{"line":70,"column":13}},{"start":{},"end":{}}],"line":66}},"s":{"0":1,"1":1,"2":1,"3":1,"4":1,"5":0,"6":0,"7":0,"8":0,"9":1,"10":1,"11":1,"12":0,"13":0,"14":0,"15":0,"16":0,"17":0,"18":0,"19":0,"20":0,"21":0,"22":0,"23":0,"24":0,"25":0,"26":0,"27":0,"28":0,"29":0,"30":0,"31":0,"32":0,"33":0,"34":0,"35":0,"36":0,"37":0,"38":0,"39":0,"40":0,"41":0,"42":0,"43":0,"44":0,"45":0,"46":0,"47":0,"48":0,"49":0,"50":0,"51":0,"52":0,"53":0},"f":{"0":1,"1":0,"2":0,"3":0,"4":0,"5":0,"6":0,"7":0},"b":{"0":[0,0],"1":[0,0],"2":[0,0]},"_coverageSchema":"1a1c01bbd47fc00a2c39e90264f33305004495a9","hash":"a83d711a8127641c2ce51a26ca7ea00bd43f632b"}
,"/Users/bokang/Desktop/Campus-Safety-App/app/scripts/create.js": {"path":"/Users/bokang/Desktop/Campus-Safety-App/app/scripts/create.js","statementMap":{"0":{"start":{"line":6,"column":23},"end":{"line":14,"column":1}},"1":{"start":{"line":16,"column":12},"end":{"line":16,"column":41}},"2":{"start":{"line":17,"column":11},"end":{"line":17,"column":28}},"3":{"start":{"line":18,"column":13},"end":{"line":18,"column":25}},"4":{"start":{"line":20,"column":22},"end":{"line":20,"column":24}},"5":{"start":{"line":21,"column":25},"end":{"line":21,"column":27}},"6":{"start":{"line":23,"column":0},"end":{"line":42,"column":3}},"7":{"start":{"line":24,"column":4},"end":{"line":41,"column":5}},"8":{"start":{"line":26,"column":8},"end":{"line":26,"column":42}},"9":{"start":{"line":27,"column":8},"end":{"line":27,"column":42}},"10":{"start":{"line":28,"column":8},"end":{"line":28,"column":55}},"11":{"start":{"line":29,"column":8},"end":{"line":33,"column":9}},"12":{"start":{"line":30,"column":36},"end":{"line":30,"column":63}},"13":{"start":{"line":31,"column":12},"end":{"line":31,"column":62}},"14":{"start":{"line":32,"column":12},"end":{"line":32,"column":65}},"15":{"start":{"line":34,"column":8},"end":{"line":34,"column":52}},"16":{"start":{"line":35,"column":8},"end":{"line":35,"column":52}},"17":{"start":{"line":38,"column":8},"end":{"line":38,"column":44}},"18":{"start":{"line":39,"column":8},"end":{"line":39,"column":36}},"19":{"start":{"line":40,"column":8},"end":{"line":40,"column":39}},"20":{"start":{"line":44,"column":0},"end":{"line":63,"column":2}},"21":{"start":{"line":46,"column":4},"end":{"line":61,"column":5}},"22":{"start":{"line":47,"column":8},"end":{"line":47,"column":31}},"23":{"start":{"line":48,"column":22},"end":{"line":48,"column":67}},"24":{"start":{"line":49,"column":24},"end":{"line":49,"column":71}},"25":{"start":{"line":51,"column":21},"end":{"line":57,"column":9}},"26":{"start":{"line":59,"column":8},"end":{"line":59,"column":27}},"27":{"start":{"line":60,"column":8},"end":{"line":60,"column":33}},"28":{"start":{"line":66,"column":31},"end":{"line":66,"column":57}},"29":{"start":{"line":68,"column":4},"end":{"line":73,"column":5}},"30":{"start":{"line":69,"column":23},"end":{"line":69,"column":61}},"31":{"start":{"line":70,"column":8},"end":{"line":70,"column":61}},"32":{"start":{"line":72,"column":8},"end":{"line":72,"column":55}}},"fnMap":{"0":{"name":"(anonymous_0)","decl":{"start":{"line":23,"column":25},"end":{"line":23,"column":26}},"loc":{"start":{"line":23,"column":35},"end":{"line":42,"column":1}},"line":23},"1":{"name":"(anonymous_1)","decl":{"start":{"line":44,"column":46},"end":{"line":44,"column":47}},"loc":{"start":{"line":44,"column":50},"end":{"line":63,"column":1}},"line":44},"2":{"name":"(anonymous_2)","decl":{"start":{"line":46,"column":70},"end":{"line":46,"column":71}},"loc":{"start":{"line":46,"column":86},"end":{"line":61,"column":3}},"line":46},"3":{"name":"postArticles","decl":{"start":{"line":65,"column":15},"end":{"line":65,"column":27}},"loc":{"start":{"line":65,"column":34},"end":{"line":74,"column":1}},"line":65}},"branchMap":{"0":{"loc":{"start":{"line":24,"column":4},"end":{"line":41,"column":5}},"type":"if","locations":[{"start":{"line":24,"column":4},"end":{"line":41,"column":5}},{"start":{"line":36,"column":11},"end":{"line":41,"column":5}}],"line":24},"1":{"loc":{"start":{"line":29,"column":8},"end":{"line":33,"column":9}},"type":"if","locations":[{"start":{"line":29,"column":8},"end":{"line":33,"column":9}},{"start":{},"end":{}}],"line":29},"2":{"loc":{"start":{"line":31,"column":30},"end":{"line":31,"column":61}},"type":"binary-expr","locations":[{"start":{"line":31,"column":30},"end":{"line":31,"column":48}},{"start":{"line":31,"column":52},"end":{"line":31,"column":61}}],"line":31},"3":{"loc":{"start":{"line":32,"column":33},"end":{"line":32,"column":64}},"type":"binary-expr","locations":[{"start":{"line":32,"column":33},"end":{"line":32,"column":51}},{"start":{"line":32,"column":55},"end":{"line":32,"column":64}}],"line":32}},"s":{"0":1,"1":1,"2":1,"3":1,"4":1,"5":1,"6":1,"7":0,"8":0,"9":0,"10":0,"11":0,"12":0,"13":0,"14":0,"15":0,"16":0,"17":0,"18":0,"19":0,"20":1,"21":0,"22":0,"23":0,"24":0,"25":0,"26":0,"27":0,"28":0,"29":0,"30":0,"31":0,"32":0},"f":{"0":0,"1":0,"2":0,"3":0},"b":{"0":[0,0],"1":[0,0],"2":[0,0],"3":[0,0]},"_coverageSchema":"1a1c01bbd47fc00a2c39e90264f33305004495a9","hash":"2e92ce0b3f00fba4956b29bac2612d993b576011"}
,"/Users/bokang/Desktop/Campus-Safety-App/app/scripts/dashboard.js": {"path":"/Users/bokang/Desktop/Campus-Safety-App/app/scripts/dashboard.js","statementMap":{"0":{"start":{"line":5,"column":23},"end":{"line":13,"column":1}},"1":{"start":{"line":15,"column":12},"end":{"line":15,"column":41}},"2":{"start":{"line":16,"column":11},"end":{"line":16,"column":28}},"3":{"start":{"line":17,"column":13},"end":{"line":17,"column":25}},"4":{"start":{"line":19,"column":22},"end":{"line":19,"column":24}},"5":{"start":{"line":20,"column":25},"end":{"line":20,"column":27}},"6":{"start":{"line":22,"column":0},"end":{"line":37,"column":3}},"7":{"start":{"line":23,"column":4},"end":{"line":36,"column":5}},"8":{"start":{"line":24,"column":8},"end":{"line":28,"column":9}},"9":{"start":{"line":25,"column":36},"end":{"line":25,"column":63}},"10":{"start":{"line":26,"column":12},"end":{"line":26,"column":62}},"11":{"start":{"line":27,"column":12},"end":{"line":27,"column":65}},"12":{"start":{"line":29,"column":8},"end":{"line":29,"column":52}},"13":{"start":{"line":30,"column":8},"end":{"line":30,"column":52}},"14":{"start":{"line":33,"column":8},"end":{"line":33,"column":44}},"15":{"start":{"line":34,"column":8},"end":{"line":34,"column":36}},"16":{"start":{"line":35,"column":8},"end":{"line":35,"column":39}},"17":{"start":{"line":39,"column":0},"end":{"line":41,"column":3}},"18":{"start":{"line":40,"column":4},"end":{"line":40,"column":78}},"19":{"start":{"line":44,"column":28},"end":{"line":44,"column":51}},"20":{"start":{"line":45,"column":17},"end":{"line":51,"column":5}},"21":{"start":{"line":52,"column":4},"end":{"line":59,"column":11}},"22":{"start":{"line":54,"column":12},"end":{"line":54,"column":65}},"23":{"start":{"line":55,"column":12},"end":{"line":55,"column":86}},"24":{"start":{"line":58,"column":12},"end":{"line":58,"column":59}}},"fnMap":{"0":{"name":"(anonymous_0)","decl":{"start":{"line":22,"column":25},"end":{"line":22,"column":26}},"loc":{"start":{"line":22,"column":35},"end":{"line":37,"column":1}},"line":22},"1":{"name":"(anonymous_1)","decl":{"start":{"line":39,"column":46},"end":{"line":39,"column":47}},"loc":{"start":{"line":39,"column":57},"end":{"line":41,"column":1}},"line":39},"2":{"name":"postAlert","decl":{"start":{"line":43,"column":15},"end":{"line":43,"column":24}},"loc":{"start":{"line":43,"column":27},"end":{"line":60,"column":1}},"line":43},"3":{"name":"(anonymous_3)","decl":{"start":{"line":53,"column":14},"end":{"line":53,"column":15}},"loc":{"start":{"line":53,"column":26},"end":{"line":56,"column":9}},"line":53},"4":{"name":"(anonymous_4)","decl":{"start":{"line":57,"column":15},"end":{"line":57,"column":16}},"loc":{"start":{"line":57,"column":26},"end":{"line":59,"column":9}},"line":57}},"branchMap":{"0":{"loc":{"start":{"line":23,"column":4},"end":{"line":36,"column":5}},"type":"if","locations":[{"start":{"line":23,"column":4},"end":{"line":36,"column":5}},{"start":{"line":31,"column":11},"end":{"line":36,"column":5}}],"line":23},"1":{"loc":{"start":{"line":24,"column":8},"end":{"line":28,"column":9}},"type":"if","locations":[{"start":{"line":24,"column":8},"end":{"line":28,"column":9}},{"start":{},"end":{}}],"line":24},"2":{"loc":{"start":{"line":26,"column":30},"end":{"line":26,"column":61}},"type":"binary-expr","locations":[{"start":{"line":26,"column":30},"end":{"line":26,"column":48}},{"start":{"line":26,"column":52},"end":{"line":26,"column":61}}],"line":26},"3":{"loc":{"start":{"line":27,"column":33},"end":{"line":27,"column":64}},"type":"binary-expr","locations":[{"start":{"line":27,"column":33},"end":{"line":27,"column":51}},{"start":{"line":27,"column":55},"end":{"line":27,"column":64}}],"line":27}},"s":{"0":1,"1":1,"2":1,"3":1,"4":1,"5":1,"6":1,"7":0,"8":0,"9":0,"10":0,"11":0,"12":0,"13":0,"14":0,"15":0,"16":0,"17":1,"18":1,"19":0,"20":0,"21":0,"22":0,"23":0,"24":0},"f":{"0":0,"1":1,"2":0,"3":0,"4":0},"b":{"0":[0,0],"1":[0,0],"2":[0,0],"3":[0,0]},"_coverageSchema":"1a1c01bbd47fc00a2c39e90264f33305004495a9","hash":"20b8d60a76c85c8872692f2a09eadbbe142ad014"}
,"/Users/bokang/Desktop/Campus-Safety-App/app/scripts/editprofile.js": {"path":"/Users/bokang/Desktop/Campus-Safety-App/app/scripts/editprofile.js","statementMap":{"0":{"start":{"line":1,"column":0},"end":{"line":28,"column":4}},"1":{"start":{"line":2,"column":4},"end":{"line":27,"column":5}},"2":{"start":{"line":4,"column":20},"end":{"line":4,"column":54}},"3":{"start":{"line":5,"column":8},"end":{"line":5,"column":25}},"4":{"start":{"line":6,"column":25},"end":{"line":6,"column":96}},"5":{"start":{"line":7,"column":6},"end":{"line":7,"column":82}},"6":{"start":{"line":7,"column":24},"end":{"line":7,"column":82}},"7":{"start":{"line":9,"column":21},"end":{"line":9,"column":42}},"8":{"start":{"line":11,"column":8},"end":{"line":11,"column":29}},"9":{"start":{"line":14,"column":19},"end":{"line":14,"column":61}},"10":{"start":{"line":19,"column":6},"end":{"line":19,"column":72}},"11":{"start":{"line":20,"column":6},"end":{"line":20,"column":70}},"12":{"start":{"line":21,"column":6},"end":{"line":21,"column":62}},"13":{"start":{"line":22,"column":6},"end":{"line":22,"column":76}},"14":{"start":{"line":23,"column":6},"end":{"line":23,"column":60}},"15":{"start":{"line":26,"column":6},"end":{"line":26,"column":67}}},"fnMap":{"0":{"name":"(anonymous_0)","decl":{"start":{"line":1,"column":16},"end":{"line":1,"column":17}},"loc":{"start":{"line":1,"column":34},"end":{"line":28,"column":3}},"line":1}},"branchMap":{"0":{"loc":{"start":{"line":7,"column":6},"end":{"line":7,"column":82}},"type":"if","locations":[{"start":{"line":7,"column":6},"end":{"line":7,"column":82}},{"start":{},"end":{}}],"line":7},"1":{"loc":{"start":{"line":14,"column":19},"end":{"line":14,"column":61}},"type":"cond-expr","locations":[{"start":{"line":14,"column":43},"end":{"line":14,"column":52}},{"start":{"line":14,"column":55},"end":{"line":14,"column":61}}],"line":14},"2":{"loc":{"start":{"line":19,"column":51},"end":{"line":19,"column":71}},"type":"binary-expr","locations":[{"start":{"line":19,"column":51},"end":{"line":19,"column":65}},{"start":{"line":19,"column":69},"end":{"line":19,"column":71}}],"line":19},"3":{"loc":{"start":{"line":20,"column":50},"end":{"line":20,"column":69}},"type":"binary-expr","locations":[{"start":{"line":20,"column":50},"end":{"line":20,"column":63}},{"start":{"line":20,"column":67},"end":{"line":20,"column":69}}],"line":20},"4":{"loc":{"start":{"line":21,"column":46},"end":{"line":21,"column":61}},"type":"binary-expr","locations":[{"start":{"line":21,"column":46},"end":{"line":21,"column":55}},{"start":{"line":21,"column":59},"end":{"line":21,"column":61}}],"line":21},"5":{"loc":{"start":{"line":22,"column":53},"end":{"line":22,"column":75}},"type":"binary-expr","locations":[{"start":{"line":22,"column":53},"end":{"line":22,"column":69}},{"start":{"line":22,"column":73},"end":{"line":22,"column":75}}],"line":22},"6":{"loc":{"start":{"line":23,"column":45},"end":{"line":23,"column":59}},"type":"binary-expr","locations":[{"start":{"line":23,"column":45},"end":{"line":23,"column":53}},{"start":{"line":23,"column":57},"end":{"line":23,"column":59}}],"line":23}},"s":{"0":1,"1":3,"2":3,"3":3,"4":3,"5":3,"6":1,"7":2,"8":1,"9":1,"10":1,"11":1,"12":1,"13":1,"14":1,"15":2},"f":{"0":3},"b":{"0":[1,2],"1":[0,1],"2":[1,0],"3":[1,0],"4":[1,0],"5":[1,0],"6":[1,0]},"_coverageSchema":"1a1c01bbd47fc00a2c39e90264f33305004495a9","hash":"a8bb3461447973a1acda045af3c87de1cf50b01f"}
,"/Users/bokang/Desktop/Campus-Safety-App/app/scripts/form-submit.js": {"path":"/Users/bokang/Desktop/Campus-Safety-App/app/scripts/form-submit.js","statementMap":{"0":{"start":{"line":1,"column":0},"end":{"line":38,"column":5}},"1":{"start":{"line":2,"column":4},"end":{"line":2,"column":41}},"2":{"start":{"line":3,"column":4},"end":{"line":37,"column":7}},"3":{"start":{"line":4,"column":6},"end":{"line":4,"column":29}},"4":{"start":{"line":6,"column":6},"end":{"line":6,"column":45}},"5":{"start":{"line":8,"column":26},"end":{"line":14,"column":7}},"6":{"start":{"line":16,"column":6},"end":{"line":36,"column":7}},"7":{"start":{"line":17,"column":20},"end":{"line":17,"column":54}},"8":{"start":{"line":18,"column":25},"end":{"line":24,"column":10}},"9":{"start":{"line":26,"column":8},"end":{"line":33,"column":9}},"10":{"start":{"line":27,"column":10},"end":{"line":27,"column":57}},"11":{"start":{"line":28,"column":10},"end":{"line":28,"column":50}},"12":{"start":{"line":31,"column":10},"end":{"line":31,"column":36}},"13":{"start":{"line":32,"column":10},"end":{"line":32,"column":52}},"14":{"start":{"line":35,"column":8},"end":{"line":35,"column":39}}},"fnMap":{"0":{"name":"(anonymous_0)","decl":{"start":{"line":1,"column":46},"end":{"line":1,"column":47}},"loc":{"start":{"line":1,"column":57},"end":{"line":38,"column":3}},"line":1},"1":{"name":"(anonymous_1)","decl":{"start":{"line":3,"column":74},"end":{"line":3,"column":75}},"loc":{"start":{"line":3,"column":96},"end":{"line":37,"column":5}},"line":3}},"branchMap":{"0":{"loc":{"start":{"line":26,"column":8},"end":{"line":33,"column":9}},"type":"if","locations":[{"start":{"line":26,"column":8},"end":{"line":33,"column":9}},{"start":{"line":30,"column":15},"end":{"line":33,"column":9}}],"line":26}},"s":{"0":1,"1":0,"2":0,"3":0,"4":0,"5":0,"6":0,"7":0,"8":0,"9":0,"10":0,"11":0,"12":0,"13":0,"14":0},"f":{"0":0,"1":0},"b":{"0":[0,0]},"_coverageSchema":"1a1c01bbd47fc00a2c39e90264f33305004495a9","hash":"da6c87fe5a393b24b8c22e9b3da792272228dd99"}
,"/Users/bokang/Desktop/Campus-Safety-App/app/scripts/main.js": {"path":"/Users/bokang/Desktop/Campus-Safety-App/app/scripts/main.js","statementMap":{"0":{"start":{"line":5,"column":17},"end":{"line":5,"column":54}},"1":{"start":{"line":6,"column":18},"end":{"line":6,"column":54}},"2":{"start":{"line":7,"column":16},"end":{"line":7,"column":49}},"3":{"start":{"line":8,"column":21},"end":{"line":8,"column":54}},"4":{"start":{"line":9,"column":18},"end":{"line":9,"column":57}},"5":{"start":{"line":12,"column":19},"end":{"line":12,"column":24}},"6":{"start":{"line":13,"column":13},"end":{"line":13,"column":17}},"7":{"start":{"line":14,"column":14},"end":{"line":14,"column":19}},"8":{"start":{"line":19,"column":26},"end":{"line":19,"column":48}},"9":{"start":{"line":22,"column":4},"end":{"line":22,"column":36}},"10":{"start":{"line":23,"column":22},"end":{"line":23,"column":44}},"11":{"start":{"line":26,"column":4},"end":{"line":26,"column":50}},"12":{"start":{"line":27,"column":4},"end":{"line":29,"column":11}},"13":{"start":{"line":28,"column":8},"end":{"line":28,"column":50}},"14":{"start":{"line":35,"column":2},"end":{"line":35,"column":22}},"15":{"start":{"line":36,"column":2},"end":{"line":36,"column":17}},"16":{"start":{"line":37,"column":2},"end":{"line":39,"column":3}},"17":{"start":{"line":38,"column":4},"end":{"line":38,"column":11}},"18":{"start":{"line":40,"column":2},"end":{"line":46,"column":3}},"19":{"start":{"line":41,"column":4},"end":{"line":41,"column":52}},"20":{"start":{"line":42,"column":4},"end":{"line":42,"column":54}},"21":{"start":{"line":43,"column":4},"end":{"line":43,"column":53}},"22":{"start":{"line":44,"column":4},"end":{"line":44,"column":53}},"23":{"start":{"line":45,"column":4},"end":{"line":45,"column":47}},"24":{"start":{"line":47,"column":2},"end":{"line":47,"column":22}},"25":{"start":{"line":50,"column":2},"end":{"line":50,"column":36}},"26":{"start":{"line":52,"column":18},"end":{"line":52,"column":45}},"27":{"start":{"line":53,"column":2},"end":{"line":53,"column":24}},"28":{"start":{"line":55,"column":2},"end":{"line":55,"column":33}},"29":{"start":{"line":57,"column":26},"end":{"line":57,"column":57}},"30":{"start":{"line":58,"column":2},"end":{"line":58,"column":31}},"31":{"start":{"line":59,"column":2},"end":{"line":59,"column":39}},"32":{"start":{"line":60,"column":2},"end":{"line":60,"column":35}},"33":{"start":{"line":61,"column":2},"end":{"line":61,"column":46}},"34":{"start":{"line":62,"column":2},"end":{"line":62,"column":26}},"35":{"start":{"line":63,"column":2},"end":{"line":63,"column":40}},"36":{"start":{"line":65,"column":25},"end":{"line":65,"column":56}},"37":{"start":{"line":66,"column":2},"end":{"line":66,"column":30}},"38":{"start":{"line":67,"column":2},"end":{"line":67,"column":37}},"39":{"start":{"line":68,"column":2},"end":{"line":68,"column":34}},"40":{"start":{"line":69,"column":2},"end":{"line":69,"column":44}},"41":{"start":{"line":70,"column":2},"end":{"line":70,"column":25}},"42":{"start":{"line":71,"column":2},"end":{"line":71,"column":39}},"43":{"start":{"line":73,"column":21},"end":{"line":73,"column":52}},"44":{"start":{"line":74,"column":2},"end":{"line":74,"column":28}},"45":{"start":{"line":75,"column":2},"end":{"line":75,"column":31}},"46":{"start":{"line":76,"column":2},"end":{"line":76,"column":31}},"47":{"start":{"line":77,"column":2},"end":{"line":77,"column":37}},"48":{"start":{"line":78,"column":2},"end":{"line":78,"column":22}},"49":{"start":{"line":79,"column":2},"end":{"line":79,"column":36}},"50":{"start":{"line":81,"column":16},"end":{"line":81,"column":47}},"51":{"start":{"line":82,"column":2},"end":{"line":82,"column":26}},"52":{"start":{"line":83,"column":2},"end":{"line":83,"column":29}},"53":{"start":{"line":84,"column":2},"end":{"line":84,"column":26}},"54":{"start":{"line":85,"column":2},"end":{"line":85,"column":35}},"55":{"start":{"line":86,"column":2},"end":{"line":86,"column":31}},"56":{"start":{"line":88,"column":16},"end":{"line":88,"column":47}},"57":{"start":{"line":89,"column":2},"end":{"line":89,"column":26}},"58":{"start":{"line":90,"column":2},"end":{"line":90,"column":36}},"59":{"start":{"line":91,"column":2},"end":{"line":91,"column":26}},"60":{"start":{"line":92,"column":2},"end":{"line":92,"column":43}},"61":{"start":{"line":93,"column":2},"end":{"line":93,"column":31}},"62":{"start":{"line":95,"column":2},"end":{"line":95,"column":36}},"63":{"start":{"line":96,"column":2},"end":{"line":96,"column":36}},"64":{"start":{"line":98,"column":20},"end":{"line":98,"column":49}},"65":{"start":{"line":99,"column":2},"end":{"line":99,"column":33}},"66":{"start":{"line":100,"column":2},"end":{"line":100,"column":26}},"67":{"start":{"line":102,"column":22},"end":{"line":102,"column":51}},"68":{"start":{"line":103,"column":2},"end":{"line":103,"column":33}},"69":{"sta
[...]
{"start":{"line":19,"column":6},"end":{"line":19,"column":38}},"11":{"start":{"line":22,"column":6},"end":{"line":22,"column":118}},"12":{"start":{"line":23,"column":6},"end":{"line":23,"column":84}},"13":{"start":{"line":24,"column":6},"end":{"line":24,"column":98}},"14":{"start":{"line":25,"column":6},"end":{"line":25,"column":92}},"15":{"start":{"line":26,"column":6},"end":{"line":26,"column":92}},"16":{"start":{"line":28,"column":6},"end":{"line":28,"column":67}},"17":{"start":{"line":34,"column":0},"end":{"line":34,"column":25}},"18":{"start":{"line":52,"column":23},"end":{"line":60,"column":1}},"19":{"start":{"line":62,"column":0},"end":{"line":62,"column":39}},"20":{"start":{"line":63,"column":11},"end":{"line":63,"column":31}},"21":{"start":{"line":64,"column":16},"end":{"line":64,"column":34}},"22":{"start":{"line":67,"column":2},"end":{"line":67,"column":33}},"23":{"start":{"line":68,"column":25},"end":{"line":71,"column":4}},"24":{"start":{"line":69,"column":23},"end":{"line":69,"column":64}},"25":{"start":{"line":70,"column":4},"end":{"line":70,"column":80}},"26":{"start":{"line":70,"column":49},"end":{"line":70,"column":78}},"27":{"start":{"line":72,"column":2},"end":{"line":72,"column":37}},"28":{"start":{"line":75,"column":22},"end":{"line":75,"column":60}},"29":{"start":{"line":77,"column":0},"end":{"line":108,"column":2}},"30":{"start":{"line":78,"column":21},"end":{"line":78,"column":65}},"31":{"start":{"line":80,"column":18},"end":{"line":80,"column":20}},"32":{"start":{"line":82,"column":2},"end":{"line":86,"column":3}},"33":{"start":{"line":83,"column":4},"end":{"line":83,"column":32}},"34":{"start":{"line":84,"column":4},"end":{"line":84,"column":27}},"35":{"start":{"line":85,"column":4},"end":{"line":85,"column":64}},"36":{"start":{"line":88,"column":2},"end":{"line":107,"column":3}},"37":{"start":{"line":89,"column":4},"end":{"line":89,"column":57}},"38":{"start":{"line":90,"column":24},"end":{"line":90,"column":44}},"39":{"start":{"line":91,"column":16},"end":{"line":91,"column":50}},"40":{"start":{"line":92,"column":4},"end":{"line":104,"column":7}},"41":{"start":{"line":101,"column":6},"end":{"line":101,"column":16}},"42":{"start":{"line":103,"column":6},"end":{"line":103,"column":26}}},"fnMap":{"0":{"name":"loadData","decl":{"start":{"line":3,"column":16},"end":{"line":3,"column":24}},"loc":{"start":{"line":3,"column":27},"end":{"line":30,"column":3}},"line":3},"1":{"name":"uploadFiles","decl":{"start":{"line":66,"column":15},"end":{"line":66,"column":26}},"loc":{"start":{"line":66,"column":46},"end":{"line":73,"column":1}},"line":66},"2":{"name":"(anonymous_2)","decl":{"start":{"line":68,"column":47},"end":{"line":68,"column":48}},"loc":{"start":{"line":68,"column":55},"end":{"line":71,"column":3}},"line":68},"3":{"name":"(anonymous_3)","decl":{"start":{"line":70,"column":37},"end":{"line":70,"column":38}},"loc":{"start":{"line":70,"column":49},"end":{"line":70,"column":78}},"line":70},"4":{"name":"(anonymous_4)","decl":{"start":{"line":77,"column":40},"end":{"line":77,"column":41}},"loc":{"start":{"line":77,"column":50},"end":{"line":108,"column":1}},"line":77},"5":{"name":"(anonymous_5)","decl":{"start":{"line":99,"column":10},"end":{"line":99,"column":11}},"loc":{"start":{"line":99,"column":16},"end":{"line":102,"column":5}},"line":99},"6":{"name":"(anonymous_6)","decl":{"start":{"line":102,"column":13},"end":{"line":102,"column":14}},"loc":{"start":{"line":102,"column":22},"end":{"line":104,"column":5}},"line":102}},"branchMap":{"0":{"loc":{"start":{"line":8,"column":6},"end":{"line":8,"column":82}},"type":"if","locations":[{"start":{"line":8,"column":6},"end":{"line":8,"column":82}},{"start":{},"end":{}}],"line":8},"1":{"loc":{"start":{"line":13,"column":19},"end":{"line":13,"column":61}},"type":"cond-expr","locations":[{"start":{"line":13,"column":43},"end":{"line":13,"column":52}},{"start":{"line":13,"column":55},"end":{"line":13,"column":61}}],"line":13},"2":{"loc":{"start":{"line":22,"column":53},"end":{"line":22,"column":83}},"type":"binary-expr","locations":[{"start":{"line":22,"column":53},"end":{"line":22,"column":67}},{"start":{"line":22,"column":71},"end":{"line":22,"column":83}}],"line":22},"3":{"loc":{"start":{"line":22,"column":87},"end":{"line":22,"column":115}},"type":"binary-expr","locations":[{"start":{"line":22,"column":87},"end":{"line":22,"column":100}},{"start":{"line":22,"column":104},"end":{"line":22,"column":115}}],"line":22},"4":{"loc":{"start":{"line":23,"column":59},"end":{"line":23,"column":81}},"type":"binary-expr","locations":[{"start":{"line":23,"column":59},"end":{"line":23,"column":68}},{"start":{"line":23,"column":72},"end":{"line":23,"column":81}}],"line":23},"5":{"loc":{"start":{"line":24,"column":61},"end":{"line":24,"column":95}},"type":"binary-expr","locations":[{"start":{"line":24,"column":61},"end":{"line":24,"column":77}},{"start":{"line":24,"column":81},"end":{"line":24,"column":95}}],"line":24},"6":{"loc":{"start":{"line":25,"column":61},"end":{"line":25,"column":89}},"type":"binary-expr","locations":[{"start":{"line":25,"column":61},"end":{"line":25,"column":71}},{"start":{"line":25,"column":75},"end":{"line":25,"column":89}}],"line":25},"7":{"loc":{"start":{"line":26,"column":63},"end":{"line":26,"column":89}},"type":"binary-expr","locations":[{"start":{"line":26,"column":63},"end":{"line":26,"column":71}},{"start":{"line":26,"column":75},"end":{"line":26,"column":89}}],"line":26},"8":{"loc":{"start":{"line":82,"column":2},"end":{"line":86,"column":3}},"type":"if","locations":[{"start":{"line":82,"column":2},"end":{"line":86,"column":3}},{"start":{},"end":{}}],"line":82}},"s":{"0":0,"1":0,"2":0,"3":0,"4":0,"5":0,"6":0,"7":0,"8":0,"9":0,"10":0,"11":0,"12":0,"13":0,"14":0,"15":0,"16":0,"17":0,"18":0,"19":0,"20":0,"21":0,"22":0,"23":0,"24":0,"25":0,"26":0,"27":0,"28":0,"29":0,"30":0,"31":0,"32":0,"33":0,"34":0,"35":0,"36":0,"37":0,"38":0,"39":0,"40":0,"41":0,"42":0},"f":{"0":0,"1":0,"2":0,"3":0,"4":0,"5":0,"6":0},"b":{"0":[0,0],"1":[0,0],"2":[0,0],"3":[0,0],"4":[0,0],"5":[0,0],"6":[0,0],"7":[0,0],"8":[0,0]}}
,"/Users/bokang/Desktop/Campus-Safety-App/app/scripts/script.js": {"path":"/Users/bokang/Desktop/Campus-Safety-App/app/scripts/script.js","statementMap":{"0":{"start":{"line":3,"column":0},"end":{"line":27,"column":3}},"1":{"start":{"line":4,"column":17},"end":{"line":4,"column":48}},"2":{"start":{"line":5,"column":22},"end":{"line":5,"column":58}},"3":{"start":{"line":7,"column":4},"end":{"line":7,"column":42}},"4":{"start":{"line":9,"column":4},"end":{"line":26,"column":5}},"5":{"start":{"line":10,"column":32},"end":{"line":10,"column":55}},"6":{"start":{"line":12,"column":30},"end":{"line":12,"column":60}},"7":{"start":{"line":14,"column":8},"end":{"line":22,"column":9}},"8":{"start":{"line":15,"column":12},"end":{"line":19,"column":15}},"9":{"start":{"line":16,"column":33},"end":{"line":16,"column":61}},"10":{"start":{"line":17,"column":16},"end":{"line":17,"column":82}},"11":{"start":{"line":18,"column":16},"end":{"line":18,"column":48}},"12":{"start":{"line":21,"column":12},"end":{"line":21,"column":60}},"13":{"start":{"line":24,"column":8},"end":{"line":24,"column":59}},"14":{"start":{"line":25,"column":8},"end":{"line":25,"column":62}}},"fnMap":{"0":{"name":"(anonymous_0)","decl":{"start":{"line":3,"column":46},"end":{"line":3,"column":47}},"loc":{"start":{"line":3,"column":63},"end":{"line":27,"column":1}},"line":3},"1":{"name":"(anonymous_1)","decl":{"start":{"line":15,"column":34},"end":{"line":15,"column":35}},"loc":{"start":{"line":15,"column":43},"end":{"line":19,"column":13}},"line":15}},"branchMap":{"0":{"loc":{"start":{"line":14,"column":8},"end":{"line":22,"column":9}},"type":"if","locations":[{"start":{"line":14,"column":8},"end":{"line":22,"column":9}},{"start":{"line":20,"column":15},"end":{"line":22,"column":9}}],"line":14}},"s":{"0":0,"1":0,"2":0,"3":0,"4":0,"5":0,"6":0,"7":0,"8":0,"9":0,"10":0,"11":0,"12":0,"13":0,"14":0},"f":{"0":0,"1":0},"b":{"0":[0,0]}}
,"/Users/bokang/Desktop/Campus-Safety-App/app/scripts/summary.js": {"path":"/Users/bokang/Desktop/Campus-Safety-App/app/scripts/summary.js","statementMap":{"0":{"start":{"line":5,"column":23},"end":{"line":13,"column":1}},"1":{"start":{"line":15,"column":12},"end":{"line":15,"column":41}},"2":{"start":{"line":16,"column":11},"end":{"line":16,"column":28}},"3":{"start":{"line":17,"column":13},"end":{"line":17,"column":25}},"4":{"start":{"line":18,"column":22},"end":{"line":18,"column":24}},"5":{"start":{"line":19,"column":25},"end":{"line":19,"column":27}},"6":{"start":{"line":21,"column":0},"end":{"line":40,"column":3}},"7":{"start":{"line":22,"column":4},"end":{"line":39,"column":5}},"8":{"start":{"line":24,"column":8},"end":{"line":24,"column":42}},"9":{"start":{"line":25,"column":8},"end":{"line":25,"column":42}},"10":{"start":{"line":26,"column":8},"end":{"line":26,"column":55}},"11":{"start":{"line":27,"column":8},"end":{"line":31,"column":9}},"12":{"start":{"line":28,"column":36},"end":{"line":28,"column":63}},"13":{"start":{"line":29,"column":12},"end":{"line":29,"column":62}},"14":{"start":{"line":30,"column":12},"end":{"line":30,"column":65}},"15":{"start":{"line":32,"column":8},"end":{"line":32,"column":52}},"16":{"start":{"line":33,"column":8},"end":{"line":33,"column":52}},"17":{"start":{"line":36,"column":8},"end":{"line":36,"column":44}},"18":{"start":{"line":37,"column":8},"end":{"line":37,"column":36}},"19":{"start":{"line":38,"column":8},"end":{"line":38,"column":39}},"20":{"start":{"line":43,"column":29},"end":{"line":43,"column":58}},"21":{"start":{"line":44,"column":4},"end":{"line":44,"column":56}},"22":{"start":{"line":46,"column":26},"end":{"line":46,"column":55}},"23":{"start":{"line":47,"column":4},"end":{"line":47,"column":50}},"24":{"start":{"line":49,"column":20},"end":{"line":49,"column":48}},"25":{"start":{"line":50,"column":4},"end":{"line":50,"column":48}},"26":{"start":{"line":51,"column":4},"end":{"line":51,"column":39}},"27":{"start":{"line":53,"column":14},"end":{"line":53,"column":41}},"28":{"start":{"line":54,"column":4},"end":{"line":54,"column":54}},"29":{"start":{"line":55,"column":4},"end":{"line":55,"column":33}},"30":{"start":{"line":57,"column":20},"end":{"line":57,"column":49}},"31":{"start":{"line":58,"column":4},"end":{"line":58,"column":34}},"32":{"start":{"line":60,"column":4},"end":{"line":60,"column":39}},"33":{"start":{"line":61,"column":4},"end":{"line":61,"column":48}},"34":{"start":{"line":63,"column":4},"end":{"line":63,"column":81}},"35":{"start":{"line":68,"column":29},"end":{"line":68,"column":58}},"36":{"start":{"line":69,"column":4},"end":{"line":69,"column":56}},"37":{"start":{"line":71,"column":26},"end":{"line":71,"column":55}},"38":{"start":{"line":72,"column":4},"end":{"line":72,"column":50}},"39":{"start":{"line":74,"column":20},"end":{"line":74,"column":48}},"40":{"start":{"line":76,"column":36},"end":{"line":76,"column":79}},"41":{"start":{"line":77,"column":17},"end":{"line":77,"column":50}},"42":{"start":{"line":79,"column":4},"end":{"line":79,"column":42}},"43":{"start":{"line":80,"column":4},"end":{"line":80,"column":39}},"44":{"start":{"line":82,"column":14},"end":{"line":82,"column":41}},"45":{"start":{"line":83,"column":4},"end":{"line":83,"column":94}},"46":{"start":{"line":84,"column":4},"end":{"line":84,"column":33}},"47":{"start":{"line":86,"column":20},"end":{"line":86,"column":49}},"48":{"start":{"line":87,"column":4},"end":{"line":87,"column":34}},"49":{"start":{"line":89,"column":4},"end":{"line":89,"column":39}},"50":{"start":{"line":90,"column":4},"end":{"line":90,"column":48}},"51":{"start":{"line":92,"column":4},"end":{"line":92,"column":81}},"52":{"start":{"line":96,"column":17},"end":{"line":96,"column":36}},"53":{"start":{"line":98,"column":24},"end":{"line":98,"column":77}},"54":{"start":{"line":99,"column":24},"end":{"line":99,"column":62}},"55":{"start":{"line":101,"column":26},"end":{"line":101,"column":73}},"56":{"start":{"line":102,"column":26},"end":{"line":102,"column":73}},"57":{"start":{"line":104,"column":4},"end":{"line":104,"column":59}},"58":{"start":{"line":107,"column":0},"end":{"line":163,"column":2}},"59":{"start":{"line":108,"column":4},"end":{"line":162,"column":5}},"60":{"start":{"line":109,"column":21},"end":{"line":109,"column":23}},"61":{"start":{"line":110,"column":27},"end":{"line":110,"column":29}},"62":{"start":{"line":111,"column":26},"end":{"line":111,"column":28}},"63":{"start":{"line":112,"column":32},"end":{"line":112,"column":55}},"64":{"start":{"line":113,"column":30},"end":{"line":113,"column":62}},"65":{"start":{"line":115,"column":8},"end":{"line":119,"column":9}},"66":{"start":{"line":116,"column":12},"end":{"line":118,"column":14}},"67":{"start":{"line":117,"column":16},"end":{"line":117,"column":38}},"68":{"start":{"line":121,"column":34},"end":{"line":121,"column":59}},"69":{"start":{"line":122,"column":28},"end":{"line":122,"column":62}},"70":{"start":{"line":124,"column":8},"end":{"line":128,"column":9}},"71":{"start":{"line":125,"column":12},"end":{"line":127,"column":14}},"72":{"start":{"line":126,"column":16},"end":{"line":126,"column":40}},"73":{"start":{"line":129,"column":8},"end":{"line":129,"column":26}},"74":{"start":{"line":131,"column":8},"end":{"line":137,"column":10}},"75":{"start":{"line":132,"column":12},"end":{"line":136,"column":13}},"76":{"start":{"line":133,"column":16},"end":{"line":133,"column":38}},"77":{"start":{"line":134,"column":18},"end":{"line":136,"column":13}},"78":{"start":{"line":135,"column":16},"end":{"line":135,"column":38}},"79":{"start":{"line":140,"column":8},"end":{"line":157,"column":9}},"80":{"start":{"line":141,"column":12},"end":{"line":149,"column":14}},"81":{"start":{"line":142,"column":16},"end":{"line":148,"column":17}},"82":{"start":{"line":143,"column":30},"end":{"line":143,"column":53}},"83":{"start":{"line":144,"column":34},"end":{"line":144,"column":61}},"84":{"start":{"line":145,"column":20},"end":{"line":145,"column":91}},"85":{"start":{"line":147,"column":16},"end":{"line":147,"column":68}},"86":{"start":{"line":151,"column":12},"end":{"line":151,"column":81}},"87":{"start":{"line":152,"column":12},"end":{"line":152,"column":81}},"88":{"start":{"line":153,"column":12},"end":{"line":153,"column":113}},"89":{"start":{"line":154,"column":12},"end":{"line":154,"column":80}},"90":{"start":{"line":155,"column":12},"end":{"line":155,"column":73}},"91":{"start":{"line":156,"column":12},"end":{"line":156,"column":120}},"92":{"start":{"line":161,"column":8},"end":{"line":161,"column":55}}},"fnMap":{"0":{"name":"(anonymous_0)","decl":{"start":{"line":21,"column":25},"end":{"line":21,"column":26}},"loc":{"start":{"line":21,"column":35},"end":{"line":40,"column":1}},"line":21},"1":{"name":"createHistoryAlert","decl":{"start":{"line":42,"column":9},"end":{"line":42,"column":27}},"loc":{"start":{"line":42,"column":48},"end":{"line":64,"column":1}},"line":42},"2":{"name":"createHistoryReport","decl":{"start":{"line":67,"column":9},"end":{"line":67,"column":28}},"loc":{"start":{"line":67,"column":60},"end":{"line":93,"column":1}},"line":67},"3":{"name":"returnDate","decl":{"start":{"line":95,"column":9},"end":{"line":95,"column":19}},"loc":{"start":{"line":95,"column":31},"end":{"line":105,"column":1}},"line":95},"4":{"name":"(anonymous_4)","decl":{"start":{"line":107,"column":46},"end":{"line":107,"column":47}},"loc":{"start":{"line":107,"column":56},"end":{"line":163,"column":1}},"line":107},"5":{"name":"(anonymous_5)","decl":{"start":{"line":116,"column":34},"end":{"line":116,"column":35}},"loc":{"start":{"line":116,"column":43},"end":{"line":118,"column":13}},"line":116},"6":{"name":"(anonymous_6)","decl":{"start":{"line":125,"column":32},"end":{"line":125,"column":33}},"loc":{"start":{"line":125,"column":41},"end":{"line":127,"column":13}},"line":125},"7":{"name":"(anonymous_7)","decl":{"start":{"line":131,"column":21},"end":{"line":131,"column":22}},"loc":{"start":{"line":131,"column":32},"end":{"line":137,"column":9}},"line":131},"8":{"name":"(anonymous_8)","decl":{"start":{"line":141,"column":30},"end":{"line":141,"column":31}},"loc":{"start":{"line":141,"column":40},"end":{"line":149,"column":13}},"line":141}},"branchMap":{"0":{"loc":{"start":{"line":22,"column":4},"end":{"line":39,"column":5}},"type":"if","locations":[{"start":{"line":22,"column":4},"end":{"line":39,"column":5}},{"start":{"line":34,"column":11},"end":{"line":39,"column":5}}],"line":22},"1":{"loc":{"start":{"line":27,"column":8},"end":{"line":31,"column":9}},"type":"if","locations":[{"start":{"line":27,"column":8},"end":{"line":31,"column":9}},{"start":{},"end":{}}],"line":27},"2":{"loc":{"start":{"line":29,"column":30},"end":{"line":29,"column":61}},"type":"binary-expr","locations":[{"start":{"line":29,"column":30},"end":{"line":29,"column":48}},{"start":{"line":29,"column":52},"end":{"line":29,"column":61}}],"line":29},"3":{"loc":{"start":{"line":30,"column":33},"end":{"line":30,"column":64}},"type":"binary-expr","locations":[{"start":{"line":30,"column":33},"end":{"line":30,"column":51}},{"start":{"line":30,"column":55},"end":{"line":30,"column":64}}],"line":30},"4":{"loc":{"start":{"line":115,"column":8},"end":{"line":119,"column":9}},"type":"if","locations":[{"start":{"line":115,"column":8},"end":{"line":119,"column":9}},{"start":{},"end":{}}],"line":115},"5":{"loc":{"start":{"line":124,"column":8},"end":{"line":128,"column":9}},"type":"if","locations":[{"start":{"line":124,"column":8},"end":{"line":128,"column":9}},{"start":{},"end":{}}],"line":124},"6":{"loc":{"start":{"line":132,"column":12},"end":{"line":136,"column":13}},"type":"if","locations":[{"start":{"line":132,"column":12},"end":{"line":136,"column":13}},{"start":{"line":134,"column":18},"end":{"line":136,"column":13}}],"line":132},"7":{"loc":{"start":{"line":132,"column":15},"end":{"line":132,"column":83}},"type":"binary-expr","locations":[{"start":{"line":132,"column":15},"end":{"line":132,"column":44}},{"start":{"line":132,"column":48},"end":{"line":132,"column":83}}],"line":132},"8":{"loc":{"start":{"line":134,"column":18},"end":{"line":136,"column":13}},"type":"if","locations":[{"start":{"line":134,"column":18},"end":{"line":136,"column":13}},{"start":{},"end":{}}],"line":134},"9":{"loc":{"start":{"line":134,"column":21},"end":{"line":134,"column":97}},"type":"binary-expr","locations":[{"start":{"line":134,"column":21},"end":{"line":134,"column":54}},{"start":{"line":134,"column":58},"end":{"line":134,"column":97}}],"line":134},"10":{"loc":{"start":{"line":140,"column":8},"end":{"line":157,"column":9}},"type":"if","locations":[{"start":{"line":140,"column":8},"end":{"line":157,"column":9}},{"start":{"line":150,"column":13},"end":{"line":157,"column":9}}],"line":140},"11":{"loc":{"start":{"line":142,"column":16},"end":{"line":148,"column":17}},"type":"if","locations":[{"start":{"line":142,"column":16},"end":{"line":148,"column":17}},{"start":{"line":146,"column":21},"end":{"line":148,"column":17}}],"line":142}},"s":{"0":1,"1":1,"2":1,"3":1,"4":1,"5":1,"6":1,"7":0,"8":0,"9":0,"10":0,"11":0,"12":0,"13":0,"14":0,"15":0,"16":0,"17":0,"18":0,"19":0,"20":0,"21":0,"22":0,"23":0,"24":0,"25":0,"26":0,"27":0,"28":0,"29":0,"30":0,"31":0,"32":0,"33":0,"34":0,"35":0,"36":0,"37":0,"38":0,"39":0,"40":0,"41":0,"42":0,"43":0,"44":0,"45":0,"46":0,"47":0,"48":0,"49":0,"50":0,"51":0,"52":0,"53":0,"54":0,"55":0,"56":0,"57":0,"58":1,"59":0,"60":0,"61":0,"62":0,"63":0,"64":0,"65":0,"66":0,"67":0,"68":0,"69":0,"70":0,"71":0,"72":0,"73":0,"74":0,"75":0,"76":0,"77":0,"78":0,"79":0,"80":0,"81":0,"82":0,"83":0,"84":0,"85":0,"86":0,"87":0,"88":0,"89":0,"90":0,"91":0,"92":0},"f":{"0":0,"1":0,"2":0,"3":0,"4":0,"5":0,"6":0,"7":0,"8":0},"b":{"0":[0,0],"1":[0,0],"2":[0,0],"3":[0,0],"4":[0,0],"5":[0,0],"6":[0,0],"7":[0,0],"8":[0,0],"9":[0,0],"10":[0,0],"11":[0,0]},"_coverageSchema":"1a1c01bbd47fc00a2c39e90264f33305004495a9","hash":"43e8bdebc04161674aa92acfdc0870d4665a0246"}
}
