{"/Users/bokang/Desktop/Campus-Safety-App/Backend/modules/announcement.js": {"path":"/Users/bokang/Desktop/Campus-Safety-App/Backend/modules/announcement.js","statementMap":{"0":{"start":{"line":1,"column":32},"end":{"line":1,"column":60}},"1":{"start":{"line":2,"column":25},"end":{"line":2,"column":45}},"2":{"start":{"line":6,"column":16},"end":{"line":6,"column":20}},"3":{"start":{"line":8,"column":20},"end":{"line":8,"column":50}},"4":{"start":{"line":10,"column":21},"end":{"line":10,"column":74}},"5":{"start":{"line":11,"column":16},"end":{"line":11,"column":17}},"6":{"start":{"line":12,"column":4},"end":{"line":14,"column":5}},"7":{"start":{"line":13,"column":8},"end":{"line":13,"column":62}},"8":{"start":{"line":16,"column":4},"end":{"line":16,"column":21}},"9":{"start":{"line":18,"column":4},"end":{"line":51,"column":7}},"10":{"start":{"line":28,"column":20},"end":{"line":28,"column":22}},"11":{"start":{"line":29,"column":8},"end":{"line":29,"column":52}},"12":{"start":{"line":30,"column":8},"end":{"line":30,"column":50}},"13":{"start":{"line":31,"column":8},"end":{"line":31,"column":62}},"14":{"start":{"line":35,"column":25},"end":{"line":35,"column":47}},"15":{"start":{"line":37,"column":24},"end":{"line":37,"column":26}},"16":{"start":{"line":38,"column":8},"end":{"line":44,"column":11}},"17":{"start":{"line":39,"column":12},"end":{"line":43,"column":13}},"18":{"start":{"line":40,"column":16},"end":{"line":42,"column":18}},"19":{"start":{"line":41,"column":20},"end":{"line":41,"column":58}},"20":{"start":{"line":41,"column":37},"end":{"line":41,"column":58}},"21":{"start":{"line":46,"column":8},"end":{"line":46,"column":122}},"22":{"start":{"line":49,"column":8},"end":{"line":49,"column":57}},"23":{"start":{"line":50,"column":8},"end":{"line":50,"column":22}},"24":{"start":{"line":53,"column":4},"end":{"line":53,"column":17}},"25":{"start":{"line":57,"column":0},"end":{"line":57,"column":36}}},"fnMap":{"0":{"name":"sendAnnouncement","decl":{"start":{"line":5,"column":15},"end":{"line":5,"column":31}},"loc":{"start":{"line":5,"column":50},"end":{"line":54,"column":1}},"line":5},"1":{"name":"(anonymous_1)","decl":{"start":{"line":27,"column":10},"end":{"line":27,"column":11}},"loc":{"start":{"line":27,"column":22},"end":{"line":47,"column":5}},"line":27},"2":{"name":"(anonymous_2)","decl":{"start":{"line":38,"column":34},"end":{"line":38,"column":35}},"loc":{"start":{"line":38,"column":46},"end":{"line":44,"column":9}},"line":38},"3":{"name":"(anonymous_3)","decl":{"start":{"line":40,"column":33},"end":{"line":40,"column":34}},"loc":{"start":{"line":40,"column":39},"end":{"line":42,"column":17}},"line":40},"4":{"name":"(anonymous_4)","decl":{"start":{"line":48,"column":11},"end":{"line":48,"column":12}},"loc":{"start":{"line":48,"column":22},"end":{"line":51,"column":5}},"line":48}},"branchMap":{"0":{"loc":{"start":{"line":12,"column":4},"end":{"line":14,"column":5}},"type":"if","locations":[{"start":{"line":12,"column":4},"end":{"line":14,"column":5}},{"start":{},"end":{}}],"line":12},"1":{"loc":{"start":{"line":39,"column":12},"end":{"line":43,"column":13}},"type":"if","locations":[{"start":{"line":39,"column":12},"end":{"line":43,"column":13}},{"start":{},"end":{}}],"line":39},"2":{"loc":{"start":{"line":41,"column":20},"end":{"line":41,"column":58}},"type":"if","locations":[{"start":{"line":41,"column":20},"end":{"line":41,"column":58}},{"start":{},"end":{}}],"line":41}},"s":{"0":2,"1":2,"2":4,"3":4,"4":4,"5":4,"6":4,"7":3,"8":4,"9":4,"10":3,"11":3,"12":3,"13":3,"14":3,"15":3,"16":3,"17":3,"18":2,"19":4,"20":4,"21":3,"22":1,"23":1,"24":4,"25":2},"f":{"0":4,"1":3,"2":3,"3":4,"4":1},"b":{"0":[3,1],"1":[2,1],"2":[4,0]},"_coverageSchema":"1a1c01bbd47fc00a2c39e90264f33305004495a9","hash":"1c157efa4733126914589581199766714ef85c4b"}
,"/Users/bokang/Desktop/Campus-Safety-App/Backend/modules/events.js": {"path":"/Users/bokang/Desktop/Campus-Safety-App/Backend/modules/events.js","statementMap":{"0":{"start":{"line":1,"column":32},"end":{"line":1,"column":60}},"1":{"start":{"line":2,"column":27},"end":{"line":2,"column":47}},"2":{"start":{"line":6,"column":22},"end":{"line":6,"column":41}},"3":{"start":{"line":7,"column":22},"end":{"line":7,"column":42}},"4":{"start":{"line":8,"column":4},"end":{"line":8,"column":27}},"5":{"start":{"line":14,"column":21},"end":{"line":14,"column":79}},"6":{"start":{"line":17,"column":20},"end":{"line":17,"column":26}},"7":{"start":{"line":18,"column":26},"end":{"line":18,"column":80}},"8":{"start":{"line":21,"column":22},"end":{"line":21,"column":48}},"9":{"start":{"line":23,"column":4},"end":{"line":41,"column":5}},"10":{"start":{"line":24,"column":8},"end":{"line":24,"column":38}},"11":{"start":{"line":25,"column":8},"end":{"line":25,"column":97}},"12":{"start":{"line":26,"column":11},"end":{"line":41,"column":5}},"13":{"start":{"line":27,"column":8},"end":{"line":27,"column":34}},"14":{"start":{"line":28,"column":8},"end":{"line":28,"column":71}},"15":{"start":{"line":29,"column":11},"end":{"line":41,"column":5}},"16":{"start":{"line":30,"column":8},"end":{"line":30,"column":33}},"17":{"start":{"line":31,"column":8},"end":{"line":31,"column":84}},"18":{"start":{"line":32,"column":11},"end":{"line":41,"column":5}},"19":{"start":{"line":33,"column":8},"end":{"line":33,"column":39}},"20":{"start":{"line":34,"column":8},"end":{"line":34,"column":82}},"21":{"start":{"line":35,"column":11},"end":{"line":41,"column":5}},"22":{"start":{"line":36,"column":8},"end":{"line":36,"column":33}},"23":{"start":{"line":37,"column":8},"end":{"line":37,"column":84}},"24":{"start":{"line":39,"column":8},"end":{"line":39,"column":27}},"25":{"start":{"line":40,"column":8},"end":{"line":40,"column":81}},"26":{"start":{"line":44,"column":4},"end":{"line":61,"column":5}},"27":{"start":{"line":45,"column":25},"end":{"line":45,"column":48}},"28":{"start":{"line":46,"column":8},"end":{"line":56,"column":11}},"29":{"start":{"line":57,"column":8},"end":{"line":57,"column":89}},"30":{"start":{"line":59,"column":8},"end":{"line":59,"column":65}},"31":{"start":{"line":60,"column":8},"end":{"line":60,"column":78}},"32":{"start":{"line":64,"column":4},"end":{"line":93,"column":5}},"33":{"start":{"line":65,"column":25},"end":{"line":65,"column":47}},"34":{"start":{"line":66,"column":24},"end":{"line":66,"column":26}},"35":{"start":{"line":69,"column":8},"end":{"line":75,"column":11}},"36":{"start":{"line":70,"column":12},"end":{"line":74,"column":13}},"37":{"start":{"line":71,"column":16},"end":{"line":73,"column":19}},"38":{"start":{"line":72,"column":20},"end":{"line":72,"column":41}},"39":{"start":{"line":78,"column":22},"end":{"line":82,"column":9}},"40":{"start":{"line":85,"column":24},"end":{"line":85,"column":131}},"41":{"start":{"line":86,"column":8},"end":{"line":86,"column":101}},"42":{"start":{"line":88,"column":8},"end":{"line":88,"column":64}},"43":{"start":{"line":89,"column":8},"end":{"line":89,"column":84}},"44":{"start":{"line":91,"column":8},"end":{"line":91,"column":61}},"45":{"start":{"line":92,"column":8},"end":{"line":92,"column":74}},"46":{"start":{"line":96,"column":0},"end":{"line":96,"column":34}}},"fnMap":{"0":{"name":"isEveningEvent","decl":{"start":{"line":5,"column":9},"end":{"line":5,"column":23}},"loc":{"start":{"line":5,"column":35},"end":{"line":9,"column":1}},"line":5},"1":{"name":"processEvent","decl":{"start":{"line":12,"column":15},"end":{"line":12,"column":27}},"loc":{"start":{"line":12,"column":35},"end":{"line":94,"column":1}},"line":12},"2":{"name":"(anonymous_2)","decl":{"start":{"line":69,"column":34},"end":{"line":69,"column":35}},"loc":{"start":{"line":69,"column":48},"end":{"line":75,"column":9}},"line":69},"3":{"name":"(anonymous_3)","decl":{"start":{"line":71,"column":33},"end":{"line":71,"column":34}},"loc":{"start":{"line":71,"column":42},"end":{"line":73,"column":17}},"line":71}},"branchMap":{"0":{"loc":{"start":{"line":23,"column":4},"end":{"line":41,"column":5}},"type":"if","locations":[{"start":{"line":23,"column":4},"end":{"line":41,"column":5}},{"start":{"line":26,"column":11},"end":{"line":41,"column":5}}],"line":23},"1":{"loc":{"start":{"line":23,"column":8},"end":{"line":23,"column":37}},"type":"binary-expr","locations":[{"start":{"line":23,"column":8},"end":{"line":23,"column":24}},{"start":{"line":23,"column":28},"end":{"line":23,"column":37}}],"line":23},"2":{"loc":{"start":{"line":26,"column":11},"end":{"line":41,"column":5}},"type":"if","locations":[{"start":{"line":26,"column":11},"end":{"line":41,"column":5}},{"start":{"line":29,"column":11},"end":{"line":41,"column":5}}],"line":26},"3":{"loc":{"start":{"line":29,"column":11},"end":{"line":41,"column":5}},"type":"if","locations":[{"start":{"line":29,"column":11},"end":{"line":41,"column":5}},{"start":{"line":32,"column":11},"end":{"line":41,"column":5}}],"line":29},"4":{"loc":{"start":{"line":29,"column":15},"end":{"line":29,"column":43}},"type":"binary-expr","locations":[{"start":{"line":29,"column":15},"end":{"line":29,"column":30}},{"start":{"line":29,"column":34},"end":{"line":29,"column":43}}],"line":29},"5":{"loc":{"start":{"line":32,"column":11},"end":{"line":41,"column":5}},"type":"if","locations":[{"start":{"line":32,"column":11},"end":{"line":41,"column":5}},{"start":{"line":35,"column":11},"end":{"line":41,"column":5}}],"line":32},"6":{"loc":{"start":{"line":35,"column":11},"end":{"line":41,"column":5}},"type":"if","locations":[{"start":{"line":35,"column":11},"end":{"line":41,"column":5}},{"start":{"line":38,"column":11},"end":{"line":41,"column":5}}],"line":35},"7":{"loc":{"start":{"line":70,"column":12},"end":{"line":74,"column":13}},"type":"if","locations":[{"start":{"line":70,"column":12},"end":{"line":74,"column":13}},{"start":{},"end":{}}],"line":70}},"s":{"0":2,"1":2,"2":4,"3":4,"4":4,"5":4,"6":4,"7":4,"8":4,"9":4,"10":3,"11":3,"12":1,"13":0,"14":0,"15":1,"16":0,"17":0,"18":1,"19":0,"20":0,"21":1,"22":0,"23":0,"24":1,"25":1,"26":4,"27":4,"28":4,"29":3,"30":1,"31":1,"32":3,"33":3,"34":3,"35":3,"36":1,"37":1,"38":2,"39":1,"40":1,"41":1,"42":1,"43":1,"44":2,"45":2,"46":2},"f":{"0":4,"1":4,"2":1,"3":2},"b":{"0":[3,1],"1":[4,3],"2":[0,1],"3":[0,1],"4":[1,0],"5":[0,1],"6":[0,1],"7":[1,0]},"_coverageSchema":"1a1c01bbd47fc00a2c39e90264f33305004495a9","hash":"3699e125e34d22cc146f5a7b047cfb21c5704ed9"}
,"/Users/bokang/Desktop/Campus-Safety-App/Backend/modules/init.js": {"path":"/Users/bokang/Desktop/Campus-Safety-App/Backend/modules/init.js","statementMap":{"0":{"start":{"line":1,"column":0},"end":{"line":1,"column":27}},"1":{"start":{"line":4,"column":12},"end":{"line":4,"column":37}},"2":{"start":{"line":7,"column":36},"end":{"line":7,"column":78}},"3":{"start":{"line":10,"column":0},"end":{"line":12,"column":1}},"4":{"start":{"line":11,"column":2},"end":{"line":11,"column":93}},"5":{"start":{"line":14,"column":0},"end":{"line":30,"column":1}},"6":{"start":{"line":16,"column":32},"end":{"line":16,"column":100}},"7":{"start":{"line":19,"column":22},"end":{"line":19,"column":55}},"8":{"start":{"line":22,"column":2},"end":{"line":24,"column":5}},"9":{"start":{"line":26,"column":2},"end":{"line":26,"column":61}},"10":{"start":{"line":28,"column":2},"end":{"line":28,"column":77}},"11":{"start":{"line":29,"column":2},"end":{"line":29,"column":14}},"12":{"start":{"line":32,"column":11},"end":{"line":32,"column":28}},"13":{"start":{"line":33,"column":19},"end":{"line":33,"column":65}},"14":{"start":{"line":35,"column":0},"end":{"line":35,"column":36}}},"fnMap":{},"branchMap":{"0":{"loc":{"start":{"line":10,"column":0},"end":{"line":12,"column":1}},"type":"if","locations":[{"start":{"line":10,"column":0},"end":{"line":12,"column":1}},{"start":{},"end":{}}],"line":10}},"s":{"0":4,"1":4,"2":4,"3":4,"4":0,"5":4,"6":4,"7":4,"8":4,"9":4,"10":0,"11":0,"12":4,"13":4,"14":4},"f":{},"b":{"0":[0,4]},"_coverageSchema":"1a1c01bbd47fc00a2c39e90264f33305004495a9","hash":"2c99e5ce98fdf3b1b6235e622a3024d3eb6f2751"}
,"/Users/bokang/Desktop/Campus-Safety-App/Backend/modules/profile.js": {"path":"/Users/bokang/Desktop/Campus-Safety-App/Backend/modules/profile.js","statementMap":{"0":{"start":{"line":2,"column":31},"end":{"line":2,"column":51}},"1":{"start":{"line":3,"column":46},"end":{"line":3,"column":75}},"2":{"start":{"line":5,"column":12},"end":{"line":5,"column":42}},"3":{"start":{"line":9,"column":4},"end":{"line":28,"column":5}},"4":{"start":{"line":10,"column":25},"end":{"line":15,"column":10}},"5":{"start":{"line":17,"column":8},"end":{"line":19,"column":9}},"6":{"start":{"line":18,"column":12},"end":{"line":18,"column":61}},"7":{"start":{"line":21,"column":25},"end":{"line":21,"column":46}},"8":{"start":{"line":24,"column":8},"end":{"line":24,"column":24}},"9":{"start":{"line":26,"column":8},"end":{"line":26,"column":59}},"10":{"start":{"line":27,"column":8},"end":{"line":27,"column":20}},"11":{"start":{"line":31,"column":0},"end":{"line":31,"column":29}}},"fnMap":{"0":{"name":"getUser","decl":{"start":{"line":8,"column":15},"end":{"line":8,"column":22}},"loc":{"start":{"line":8,"column":25},"end":{"line":29,"column":1}},"line":8}},"branchMap":{"0":{"loc":{"start":{"line":17,"column":8},"end":{"line":19,"column":9}},"type":"if","locations":[{"start":{"line":17,"column":8},"end":{"line":19,"column":9}},{"start":{},"end":{}}],"line":17}},"s":{"0":1,"1":1,"2":1,"3":3,"4":3,"5":2,"6":1,"7":1,"8":1,"9":2,"10":2,"11":1},"f":{"0":3},"b":{"0":[1,1]},"_coverageSchema":"1a1c01bbd47fc00a2c39e90264f33305004495a9","hash":"afc37960d28438a3290fbcb07dfc57453c67f7af"}
,"/Users/bokang/Desktop/Campus-Safety-App/app/modules/init.js": {"path":"/Users/bokang/Desktop/Campus-Safety-App/app/modules/init.js","statementMap":{"0":{"start":{"line":24,"column":23},"end":{"line":32,"column":1}},"1":{"start":{"line":36,"column":12},"end":{"line":36,"column":41}},"2":{"start":{"line":38,"column":11},"end":{"line":38,"column":28}},"3":{"start":{"line":41,"column":13},"end":{"line":41,"column":25}},"4":{"start":{"line":42,"column":17},"end":{"line":42,"column":41}},"5":{"start":{"line":44,"column":16},"end":{"line":44,"column":31}}},"fnMap":{},"branchMap":{},"s":{"0":1,"1":1,"2":1,"3":1,"4":1,"5":1},"f":{},"b":{},"_coverageSchema":"1a1c01bbd47fc00a2c39e90264f33305004495a9","hash":"dd5bce6863a25e924a7bb245ce87e0bfb9369d52"}
,"/Users/bokang/Desktop/Campus-Safety-App/app/scripts/editprofile.js": {"path":"/Users/bokang/Desktop/Campus-Safety-App/app/scripts/editprofile.js","statementMap":{"0":{"start":{"line":1,"column":0},"end":{"line":44,"column":4}},"1":{"start":{"line":2,"column":4},"end":{"line":43,"column":5}},"2":{"start":{"line":4,"column":20},"end":{"line":4,"column":54}},"3":{"start":{"line":5,"column":8},"end":{"line":5,"column":25}},"4":{"start":{"line":6,"column":25},"end":{"line":6,"column":96}},"5":{"start":{"line":7,"column":6},"end":{"line":7,"column":82}},"6":{"start":{"line":7,"column":24},"end":{"line":7,"column":82}},"7":{"start":{"line":9,"column":21},"end":{"line":9,"column":42}},"8":{"start":{"line":11,"column":8},"end":{"line":11,"column":29}},"9":{"start":{"line":14,"column":19},"end":{"line":14,"column":61}},"10":{"start":{"line":17,"column":6},"end":{"line":17,"column":66}},"11":{"start":{"line":18,"column":6},"end":{"line":18,"column":64}},"12":{"start":{"line":19,"column":6},"end":{"line":19,"column":54}},"13":{"start":{"line":20,"column":6},"end":{"line":20,"column":56}},"14":{"start":{"line":21,"column":6},"end":{"line":21,"column":60}},"15":{"start":{"line":22,"column":6},"end":{"line":22,"column":70}},"16":{"start":{"line":23,"column":6},"end":{"line":23,"column":69}},"17":{"start":{"line":24,"column":6},"end":{"line":24,"column":56}},"18":{"start":{"line":26,"column":6},"end":{"line":28,"column":5}},"19":{"start":{"line":27,"column":8},"end":{"line":27,"column":99}},"20":{"start":{"line":29,"column":4},"end":{"line":32,"column":5}},"21":{"start":{"line":30,"column":6},"end":{"line":30,"column":68}},"22":{"start":{"line":31,"column":6},"end":{"line":31,"column":71}},"23":{"start":{"line":35,"column":6},"end":{"line":35,"column":72}},"24":{"start":{"line":36,"column":6},"end":{"line":36,"column":70}},"25":{"start":{"line":37,"column":6},"end":{"line":37,"column":62}},"26":{"start":{"line":38,"column":6},"end":{"line":38,"column":76}},"27":{"start":{"line":39,"column":6},"end":{"line":39,"column":60}},"28":{"start":{"line":42,"column":6},"end":{"line":42,"column":67}}},"fnMap":{"0":{"name":"(anonymous_0)","decl":{"start":{"line":1,"column":16},"end":{"line":1,"column":17}},"loc":{"start":{"line":1,"column":34},"end":{"line":44,"column":3}},"line":1}},"branchMap":{"0":{"loc":{"start":{"line":7,"column":6},"end":{"line":7,"column":82}},"type":"if","locations":[{"start":{"line":7,"column":6},"end":{"line":7,"column":82}},{"start":{},"end":{}}],"line":7},"1":{"loc":{"start":{"line":14,"column":19},"end":{"line":14,"column":61}},"type":"cond-expr","locations":[{"start":{"line":14,"column":43},"end":{"line":14,"column":52}},{"start":{"line":14,"column":55},"end":{"line":14,"column":61}}],"line":14},"2":{"loc":{"start":{"line":26,"column":6},"end":{"line":28,"column":5}},"type":"if","locations":[{"start":{"line":26,"column":6},"end":{"line":28,"column":5}},{"start":{},"end":{}}],"line":26},"3":{"loc":{"start":{"line":29,"column":4},"end":{"line":32,"column":5}},"type":"if","locations":[{"start":{"line":29,"column":4},"end":{"line":32,"column":5}},{"start":{},"end":{}}],"line":29},"4":{"loc":{"start":{"line":35,"column":51},"end":{"line":35,"column":71}},"type":"binary-expr","locations":[{"start":{"line":35,"column":51},"end":{"line":35,"column":65}},{"start":{"line":35,"column":69},"end":{"line":35,"column":71}}],"line":35},"5":{"loc":{"start":{"line":36,"column":50},"end":{"line":36,"column":69}},"type":"binary-expr","locations":[{"start":{"line":36,"column":50},"end":{"line":36,"column":63}},{"start":{"line":36,"column":67},"end":{"line":36,"column":69}}],"line":36},"6":{"loc":{"start":{"line":37,"column":46},"end":{"line":37,"column":61}},"type":"binary-expr","locations":[{"start":{"line":37,"column":46},"end":{"line":37,"column":55}},{"start":{"line":37,"column":59},"end":{"line":37,"column":61}}],"line":37},"7":{"loc":{"start":{"line":38,"column":53},"end":{"line":38,"column":75}},"type":"binary-expr","locations":[{"start":{"line":38,"column":53},"end":{"line":38,"column":69}},{"start":{"line":38,"column":73},"end":{"line":38,"column":75}}],"line":38},"8":{"loc":{"start":{"line":39,"column":45},"end":{"line":39,"column":59}},"type":"binary-expr","locations":[{"start":{"line":39,"column":45},"end":{"line":39,"column":53}},{"start":{"line":39,"column":57},"end":{"line":39,"column":59}}],"line":39}},"s":{"0":1,"1":6,"2":6,"3":6,"4":6,"5":6,"6":1,"7":5,"8":4,"9":4,"10":4,"11":4,"12":4,"13":4,"14":4,"15":4,"16":4,"17":4,"18":4,"19":4,"20":4,"21":0,"22":0,"23":4,"24":4,"25":4,"26":4,"27":4,"28":2},"f":{"0":6},"b":{"0":[1,5],"1":[0,4],"2":[4,0],"3":[0,4],"4":[4,0],"5":[4,0],"6":[4,0],"7":[4,0],"8":[4,0]},"_coverageSchema":"1a1c01bbd47fc00a2c39e90264f33305004495a9","hash":"99f5f8a65bf3bc15cbc4e5791831a3c28107580c"}
}
