TN:
SF:Backend/index.js
FN:26,(anonymous_0)
FN:34,(anonymous_1)
FN:40,(anonymous_2)
FN:47,(anonymous_3)
FN:63,(anonymous_4)
FN:78,(anonymous_5)
FN:96,(anonymous_6)
FN:102,(anonymous_7)
FN:108,(anonymous_8)
FN:114,(anonymous_9)
FN:127,(anonymous_10)
FN:141,(anonymous_11)
FN:159,(anonymous_12)
FN:165,(anonymous_13)
FN:179,(anonymous_14)
FN:190,(anonymous_15)
FN:196,(anonymous_16)
FN:209,(anonymous_17)
FN:222,(anonymous_18)
FN:237,(anonymous_19)
FNF:20
FNH:0
FNDA:0,(anonymous_0)
FNDA:0,(anonymous_1)
FNDA:0,(anonymous_2)
FNDA:0,(anonymous_3)
FNDA:0,(anonymous_4)
FNDA:0,(anonymous_5)
FNDA:0,(anonymous_6)
FNDA:0,(anonymous_7)
FNDA:0,(anonymous_8)
FNDA:0,(anonymous_9)
FNDA:0,(anonymous_10)
FNDA:0,(anonymous_11)
FNDA:0,(anonymous_12)
FNDA:0,(anonymous_13)
FNDA:0,(anonymous_14)
FNDA:0,(anonymous_15)
FNDA:0,(anonymous_16)
FNDA:0,(anonymous_17)
FNDA:0,(anonymous_18)
FNDA:0,(anonymous_19)
DA:1,0
DA:3,0
DA:4,0
DA:5,0
DA:6,0
DA:9,0
DA:12,0
DA:15,0
DA:18,0
DA:21,0
DA:22,0
DA:26,0
DA:27,0
DA:34,0
DA:35,0
DA:36,0
DA:40,0
DA:41,0
DA:42,0
DA:43,0
DA:47,0
DA:48,0
DA:49,0
DA:54,0
DA:55,0
DA:57,0
DA:63,0
DA:64,0
DA:65,0
DA:69,0
DA:70,0
DA:72,0
DA:78,0
DA:80,0
DA:81,0
DA:85,0
DA:86,0
DA:88,0
DA:96,0
DA:97,0
DA:98,0
DA:102,0
DA:103,0
DA:104,0
DA:108,0
DA:109,0
DA:110,0
DA:114,0
DA:115,0
DA:119,0
DA:120,0
DA:122,0
DA:127,0
DA:128,0
DA:129,0
DA:133,0
DA:134,0
DA:136,0
DA:141,0
DA:142,0
DA:143,0
DA:147,0
DA:148,0
DA:150,0
DA:159,0
DA:160,0
DA:161,0
DA:165,0
DA:166,0
DA:167,0
DA:171,0
DA:172,0
DA:174,0
DA:179,0
DA:180,0
DA:181,0
DA:182,0
DA:190,0
DA:191,0
DA:192,0
DA:196,0
DA:197,0
DA:201,0
DA:202,0
DA:204,0
DA:209,0
DA:210,0
DA:214,0
DA:215,0
DA:217,0
DA:222,0
DA:223,0
DA:224,0
DA:228,0
DA:229,0
DA:231,0
DA:237,0
DA:238,0
LF:98
LH:0
BRDA:6,0,0,0
BRDA:6,0,1,0
BRDA:54,1,0,0
BRDA:54,1,1,0
BRDA:69,2,0,0
BRDA:69,2,1,0
BRDA:85,3,0,0
BRDA:85,3,1,0
BRDA:119,4,0,0
BRDA:119,4,1,0
BRDA:133,5,0,0
BRDA:133,5,1,0
BRDA:147,6,0,0
BRDA:147,6,1,0
BRDA:171,7,0,0
BRDA:171,7,1,0
BRDA:201,8,0,0
BRDA:201,8,1,0
BRDA:214,9,0,0
BRDA:214,9,1,0
BRDA:228,10,0,0
BRDA:228,10,1,0
BRF:22
BRH:0
end_of_record
TN:
SF:Backend/login.js
FNF:0
FNH:0
LF:0
LH:0
BRF:0
BRH:0
end_of_record
TN:
SF:Backend/modules/alert.js
FN:3,getAllAlerts
FN:8,(anonymous_1)
FN:12,(anonymous_2)
FN:23,addAlert
FN:29,(anonymous_4)
FN:31,(anonymous_5)
FN:51,(anonymous_6)
FN:54,(anonymous_7)
FN:64,deleteReport
FN:69,(anonymous_9)
FN:71,(anonymous_10)
FN:81,updateViewAlert
FN:89,(anonymous_12)
FN:92,(anonymous_13)
FNF:14
FNH:0
FNDA:0,getAllAlerts
FNDA:0,(anonymous_1)
FNDA:0,(anonymous_2)
FNDA:0,addAlert
FNDA:0,(anonymous_4)
FNDA:0,(anonymous_5)
FNDA:0,(anonymous_6)
FNDA:0,(anonymous_7)
FNDA:0,deleteReport
FNDA:0,(anonymous_9)
FNDA:0,(anonymous_10)
FNDA:0,updateViewAlert
FNDA:0,(anonymous_12)
FNDA:0,(anonymous_13)
DA:1,0
DA:4,0
DA:6,0
DA:8,0
DA:9,0
DA:10,0
DA:12,0
DA:13,0
DA:14,0
DA:19,0
DA:24,0
DA:26,0
DA:28,0
DA:29,0
DA:30,0
DA:31,0
DA:32,0
DA:33,0
DA:40,0
DA:42,0
DA:56,0
DA:59,0
DA:65,0
DA:66,0
DA:68,0
DA:73,0
DA:76,0
DA:82,0
DA:83,0
DA:85,0
DA:95,0
DA:98,0
DA:110,0
LF:33
LH:0
BRDA:9,0,0,0
BRDA:9,0,1,0
BRDA:30,1,0,0
BRDA:30,1,1,0
BRF:4
BRH:0
end_of_record
TN:
SF:Backend/modules/article.js
FN:4,getAllArticles
FN:9,(anonymous_1)
FN:13,(anonymous_2)
FN:25,getPendingArticles
FN:30,(anonymous_4)
FN:34,(anonymous_5)
FN:45,getApprovedArticles
FN:50,(anonymous_7)
FN:54,(anonymous_8)
FN:65,addArticle
FN:78,(anonymous_10)
FN:81,(anonymous_11)
FN:90,deleteArticle
FN:95,(anonymous_13)
FN:97,(anonymous_14)
FN:107,getArticle
FN:112,(anonymous_16)
FN:114,(anonymous_17)
FN:118,(anonymous_18)
FN:127,addLike
FN:136,(anonymous_20)
FN:139,(anonymous_21)
FNF:22
FNH:0
FNDA:0,getAllArticles
FNDA:0,(anonymous_1)
FNDA:0,(anonymous_2)
FNDA:0,getPendingArticles
FNDA:0,(anonymous_4)
FNDA:0,(anonymous_5)
FNDA:0,getApprovedArticles
FNDA:0,(anonymous_7)
FNDA:0,(anonymous_8)
FNDA:0,addArticle
FNDA:0,(anonymous_10)
FNDA:0,(anonymous_11)
FNDA:0,deleteArticle
FNDA:0,(anonymous_13)
FNDA:0,(anonymous_14)
FNDA:0,getArticle
FNDA:0,(anonymous_16)
FNDA:0,(anonymous_17)
FNDA:0,(anonymous_18)
FNDA:0,addLike
FNDA:0,(anonymous_20)
FNDA:0,(anonymous_21)
DA:1,0
DA:5,0
DA:7,0
DA:9,0
DA:10,0
DA:11,0
DA:13,0
DA:14,0
DA:15,0
DA:20,0
DA:26,0
DA:28,0
DA:30,0
DA:31,0
DA:32,0
DA:34,0
DA:35,0
DA:36,0
DA:41,0
DA:46,0
DA:48,0
DA:50,0
DA:51,0
DA:52,0
DA:54,0
DA:55,0
DA:56,0
DA:61,0
DA:66,0
DA:67,0
DA:69,0
DA:83,0
DA:86,0
DA:91,0
DA:92,0
DA:94,0
DA:99,0
DA:102,0
DA:108,0
DA:109,0
DA:111,0
DA:113,0
DA:114,0
DA:115,0
DA:122,0
DA:128,0
DA:129,0
DA:130,0
DA:131,0
DA:133,0
DA:142,0
DA:145,0
DA:156,0
LF:53
LH:0
BRDA:10,0,0,0
BRDA:10,0,1,0
BRDA:31,1,0,0
BRDA:31,1,1,0
BRDA:51,2,0,0
BRDA:51,2,1,0
BRDA:113,3,0,0
BRDA:113,3,1,0
BRF:8
BRH:0
end_of_record
TN:
SF:Backend/modules/init.js
FNF:0
FNH:0
DA:1,0
DA:4,0
DA:5,0
DA:6,0
DA:9,0
DA:14,0
DA:16,0
LF:7
LH:0
BRF:0
BRH:0
end_of_record
TN:
SF:Backend/modules/report.js
FN:4,addReport
FN:23,(anonymous_1)
FN:26,(anonymous_2)
FN:36,getAllReports
FN:41,(anonymous_4)
FN:45,(anonymous_5)
FN:57,getUserReport
FN:62,(anonymous_7)
FN:66,(anonymous_8)
FNF:9
FNH:0
FNDA:0,addReport
FNDA:0,(anonymous_1)
FNDA:0,(anonymous_2)
FNDA:0,getAllReports
FNDA:0,(anonymous_4)
FNDA:0,(anonymous_5)
FNDA:0,getUserReport
FNDA:0,(anonymous_7)
FNDA:0,(anonymous_8)
DA:1,0
DA:5,0
DA:7,0
DA:9,0
DA:28,0
DA:31,0
DA:37,0
DA:39,0
DA:41,0
DA:42,0
DA:43,0
DA:45,0
DA:46,0
DA:47,0
DA:52,0
DA:58,0
DA:60,0
DA:62,0
DA:63,0
DA:64,0
DA:66,0
DA:67,0
DA:68,0
DA:73,0
DA:80,0
LF:25
LH:0
BRDA:42,0,0,0
BRDA:42,0,1,0
BRDA:63,1,0,0
BRDA:63,1,1,0
BRF:4
BRH:0
end_of_record
TN:
SF:Backend/modules/users.js
FN:5,getAllUsers
FN:10,(anonymous_1)
FN:14,(anonymous_2)
FN:26,getUser
FN:30,(anonymous_4)
FN:35,(anonymous_5)
FN:44,addUser
FN:66,(anonymous_7)
FN:69,(anonymous_8)
FN:78,updateProfile
FN:88,(anonymous_10)
FN:91,(anonymous_11)
FN:102,updateProfilePicture
FN:110,(anonymous_13)
FN:113,(anonymous_14)
FNF:15
FNH:0
FNDA:0,getAllUsers
FNDA:0,(anonymous_1)
FNDA:0,(anonymous_2)
FNDA:0,getUser
FNDA:0,(anonymous_4)
FNDA:0,(anonymous_5)
FNDA:0,addUser
FNDA:0,(anonymous_7)
FNDA:0,(anonymous_8)
FNDA:0,updateProfile
FNDA:0,(anonymous_10)
FNDA:0,(anonymous_11)
FNDA:0,updateProfilePicture
FNDA:0,(anonymous_13)
FNDA:0,(anonymous_14)
DA:1,0
DA:6,0
DA:8,0
DA:10,0
DA:11,0
DA:12,0
DA:14,0
DA:15,0
DA:16,0
DA:21,0
DA:27,0
DA:28,0
DA:30,0
DA:31,0
DA:32,0
DA:39,0
DA:45,0
DA:47,0
DA:48,0
DA:50,0
DA:51,0
DA:55,0
DA:57,0
DA:71,0
DA:74,0
DA:79,0
DA:81,0
DA:83,0
DA:95,0
DA:98,0
DA:103,0
DA:105,0
DA:107,0
DA:114,0
DA:117,0
DA:125,0
LF:36
LH:0
BRDA:11,0,0,0
BRDA:11,0,1,0
BRDA:31,1,0,0
BRDA:31,1,1,0
BRDA:50,2,0,0
BRDA:50,2,1,0
BRF:6
BRH:0
end_of_record
TN:
SF:app/modules/init.js
FNF:0
FNH:0
DA:14,1
DA:25,1
DA:27,1
DA:30,1
DA:31,1
LF:5
LH:5
BRF:0
BRH:0
end_of_record
TN:
SF:app/modules/users.js
FN:13,GooglesignInUser
FN:15,(anonymous_1)
FN:42,(anonymous_2)
FN:45,(anonymous_3)
FN:52,(anonymous_4)
FN:71,NormalRegisterUser
FN:75,(anonymous_6)
FN:96,(anonymous_7)
FN:100,(anonymous_8)
FN:107,(anonymous_9)
FN:115,(anonymous_10)
FN:124,NormalSignInUser
FN:127,(anonymous_12)
FN:138,(anonymous_13)
FN:145,(anonymous_14)
FN:158,signOutUser
FN:159,(anonymous_16)
FN:161,(anonymous_17)
FNF:18
FNH:0
FNDA:0,GooglesignInUser
FNDA:0,(anonymous_1)
FNDA:0,(anonymous_2)
FNDA:0,(anonymous_3)
FNDA:0,(anonymous_4)
FNDA:0,NormalRegisterUser
FNDA:0,(anonymous_6)
FNDA:0,(anonymous_7)
FNDA:0,(anonymous_8)
FNDA:0,(anonymous_9)
FNDA:0,(anonymous_10)
FNDA:0,NormalSignInUser
FNDA:0,(anonymous_12)
FNDA:0,(anonymous_13)
FNDA:0,(anonymous_14)
FNDA:0,signOutUser
FNDA:0,(anonymous_16)
FNDA:0,(anonymous_17)
DA:14,0
DA:17,0
DA:18,0
DA:20,0
DA:21,0
DA:22,0
DA:23,0
DA:28,0
DA:29,0
DA:35,0
DA:43,0
DA:46,0
DA:54,0
DA:55,0
DA:59,0
DA:60,0
DA:73,0
DA:74,0
DA:77,0
DA:78,0
DA:80,0
DA:86,0
DA:88,0
DA:89,0
DA:97,0
DA:101,0
DA:103,0
DA:108,0
DA:109,0
DA:112,0
DA:113,0
DA:115,0
DA:116,0
DA:119,0
DA:125,0
DA:126,0
DA:129,0
DA:131,0
DA:132,0
DA:135,0
DA:139,0
DA:140,0
DA:142,0
DA:143,0
DA:145,0
DA:146,0
DA:149,0
DA:150,0
DA:159,0
LF:49
LH:0
BRF:0
BRH:0
end_of_record
TN:
SF:app/scripts/ai.js
FN:16,(anonymous_0)
FN:43,(anonymous_1)
FNF:2
FNH:0
FNDA:0,(anonymous_0)
FNDA:0,(anonymous_1)
DA:7,0
DA:8,0
DA:9,0
DA:10,0
DA:11,0
DA:16,0
DA:17,0
DA:20,0
DA:21,0
DA:25,0
DA:28,0
DA:33,0
DA:34,0
DA:36,0
DA:37,0
DA:40,0
DA:41,0
DA:43,0
DA:45,0
DA:48,0
DA:61,0
LF:21
LH:0
BRDA:20,0,0,0
BRDA:20,0,1,0
BRF:2
BRH:0
end_of_record
TN:
SF:app/scripts/article.js
FN:21,fetchData
FN:36,(anonymous_1)
FN:44,(anonymous_2)
FN:50,(anonymous_3)
FN:63,sortList
FN:75,createArticles
FN:94,(anonymous_6)
FN:98,(anonymous_7)
FNF:8
FNH:1
FNDA:1,fetchData
FNDA:0,(anonymous_1)
FNDA:0,(anonymous_2)
FNDA:0,(anonymous_3)
FNDA:0,sortList
FNDA:0,createArticles
FNDA:0,(anonymous_6)
FNDA:0,(anonymous_7)
DA:4,1
DA:14,1
DA:15,1
DA:22,1
DA:23,1
DA:24,0
DA:25,0
DA:27,0
DA:28,0
DA:30,1
DA:34,1
DA:36,1
DA:37,0
DA:38,0
DA:39,0
DA:41,0
DA:43,0
DA:44,0
DA:45,0
DA:48,0
DA:50,0
DA:51,0
DA:52,0
DA:53,0
DA:54,0
DA:59,0
DA:64,0
DA:65,0
DA:66,0
DA:67,0
DA:68,0
DA:69,0
DA:76,0
DA:77,0
DA:79,0
DA:80,0
DA:82,0
DA:83,0
DA:84,0
DA:86,0
DA:87,0
DA:88,0
DA:90,0
DA:91,0
DA:92,0
DA:94,0
DA:95,0
DA:98,0
DA:99,0
DA:102,0
DA:103,0
DA:105,0
LF:52
LH:8
BRDA:24,0,0,0
BRDA:24,0,1,0
BRDA:43,1,0,0
BRDA:43,1,1,0
BRDA:66,2,0,0
BRDA:66,2,1,0
BRF:6
BRH:0
end_of_record
TN:
SF:app/scripts/create.js
FN:23,(anonymous_0)
FN:44,(anonymous_1)
FN:46,(anonymous_2)
FN:64,postArticles
FNF:4
FNH:0
FNDA:0,(anonymous_0)
FNDA:0,(anonymous_1)
FNDA:0,(anonymous_2)
FNDA:0,postArticles
DA:6,1
DA:16,1
DA:17,1
DA:18,1
DA:20,1
DA:21,1
DA:23,1
DA:24,0
DA:26,0
DA:27,0
DA:28,0
DA:29,0
DA:30,0
DA:31,0
DA:32,0
DA:34,0
DA:35,0
DA:38,0
DA:39,0
DA:40,0
DA:44,1
DA:46,0
DA:47,0
DA:48,0
DA:49,0
DA:51,0
DA:59,0
DA:65,0
DA:67,0
DA:68,0
DA:69,0
DA:71,0
LF:32
LH:8
BRDA:24,0,0,0
BRDA:24,0,1,0
BRDA:29,1,0,0
BRDA:29,1,1,0
BRDA:31,2,0,0
BRDA:31,2,1,0
BRDA:32,3,0,0
BRDA:32,3,1,0
BRF:8
BRH:0
end_of_record
TN:
SF:app/scripts/dashboard.js
FN:17,(anonymous_0)
FN:25,(anonymous_1)
FN:38,createArticles
FN:57,(anonymous_3)
FN:61,(anonymous_4)
FNF:5
FNH:3
FNDA:1,(anonymous_0)
FNDA:2,(anonymous_1)
FNDA:2,createArticles
FNDA:0,(anonymous_3)
FNDA:0,(anonymous_4)
DA:4,1
DA:14,1
DA:15,1
DA:17,1
DA:18,1
DA:19,1
DA:20,1
DA:22,1
DA:24,1
DA:25,1
DA:26,2
DA:27,2
DA:28,2
DA:29,2
DA:34,0
DA:39,2
DA:40,2
DA:42,2
DA:43,2
DA:45,2
DA:46,2
DA:47,2
DA:49,2
DA:50,2
DA:51,2
DA:53,2
DA:54,2
DA:55,2
DA:57,2
DA:58,0
DA:61,2
DA:62,0
DA:65,2
DA:66,2
DA:68,2
LF:35
LH:32
BRDA:24,0,0,1
BRDA:24,0,1,0
BRF:2
BRH:1
end_of_record
TN:
SF:app/scripts/main.js
FN:17,smoothTRansition
FN:27,(anonymous_1)
FN:34,showRegistrationInputs
FN:125,showLogInFields
FN:189,(anonymous_4)
FN:201,verifyRegisterFields
FN:220,(anonymous_6)
FN:230,verifySignInFields
FN:235,(anonymous_8)
FN:244,(anonymous_9)
FN:255,(anonymous_10)
FN:286,(anonymous_11)
FNF:12
FNH:0
FNDA:0,smoothTRansition
FNDA:0,(anonymous_1)
FNDA:0,showRegistrationInputs
FNDA:0,showLogInFields
FNDA:0,(anonymous_4)
FNDA:0,verifyRegisterFields
FNDA:0,(anonymous_6)
FNDA:0,verifySignInFields
FNDA:0,(anonymous_8)
FNDA:0,(anonymous_9)
FNDA:0,(anonymous_10)
FNDA:0,(anonymous_11)
DA:5,0
DA:6,0
DA:7,0
DA:8,0
DA:9,0
DA:12,0
DA:13,0
DA:14,0
DA:19,0
DA:22,0
DA:23,0
DA:26,0
DA:27,0
DA:28,0
DA:35,0
DA:36,0
DA:37,0
DA:38,0
DA:40,0
DA:41,0
DA:42,0
DA:43,0
DA:44,0
DA:45,0
DA:47,0
DA:50,0
DA:52,0
DA:53,0
DA:55,0
DA:57,0
DA:58,0
DA:59,0
DA:60,0
DA:61,0
DA:62,0
DA:63,0
DA:65,0
DA:66,0
DA:67,0
DA:68,0
DA:69,0
DA:70,0
DA:71,0
DA:73,0
DA:74,0
DA:75,0
DA:76,0
DA:77,0
DA:78,0
DA:79,0
DA:81,0
DA:82,0
DA:83,0
DA:84,0
DA:85,0
DA:86,0
DA:88,0
DA:89,0
DA:90,0
DA:91,0
DA:92,0
DA:93,0
DA:95,0
DA:96,0
DA:98,0
DA:99,0
DA:100,0
DA:102,0
DA:103,0
DA:104,0
DA:106,0
DA:107,0
DA:108,0
DA:109,0
DA:110,0
DA:112,0
DA:113,0
DA:114,0
DA:115,0
DA:116,0
DA:117,0
DA:118,0
DA:120,0
DA:121,0
DA:126,0
DA:127,0
DA:128,0
DA:129,0
DA:131,0
DA:132,0
DA:133,0
DA:134,0
DA:135,0
DA:136,0
DA:137,0
DA:139,0
DA:143,0
DA:145,0
DA:146,0
DA:147,0
DA:149,0
DA:151,0
DA:152,0
DA:153,0
DA:154,0
DA:155,0
DA:156,0
DA:157,0
DA:159,0
DA:160,0
DA:161,0
DA:162,0
DA:163,0
DA:164,0
DA:165,0
DA:166,0
DA:167,0
DA:169,0
DA:170,0
DA:171,0
DA:173,0
DA:174,0
DA:175,0
DA:177,0
DA:178,0
DA:179,0
DA:180,0
DA:181,0
DA:183,0
DA:184,0
DA:185,0
DA:186,0
DA:187,0
DA:189,0
DA:190,0
DA:192,0
DA:194,0
DA:195,0
DA:202,0
DA:204,0
DA:205,0
DA:206,0
DA:207,0
DA:208,0
DA:209,0
DA:210,0
DA:211,0
DA:212,0
DA:213,0
DA:216,0
DA:217,0
DA:218,0
DA:220,0
DA:221,0
DA:225,0
DA:231,0
DA:232,0
DA:233,0
DA:235,0
DA:236,0
DA:238,0
DA:240,0
DA:241,0
DA:242,0
DA:244,0
DA:245,0
DA:247,0
DA:250,0
DA:255,0
DA:257,0
DA:258,0
DA:259,0
DA:260,0
DA:261,0
DA:262,0
DA:263,0
DA:264,0
DA:265,0
DA:266,0
DA:272,0
DA:273,0
DA:274,0
DA:275,0
DA:276,0
DA:277,0
DA:278,0
DA:286,0
DA:287,0
DA:294,0
LF:189
LH:0
BRDA:37,0,0,0
BRDA:37,0,1,0
BRDA:40,1,0,0
BRDA:40,1,1,0
BRDA:128,2,0,0
BRDA:128,2,1,0
BRDA:131,3,0,0
BRDA:131,3,1,0
BRDA:204,4,0,0
BRDA:204,4,1,0
BRDA:206,5,0,0
BRDA:206,5,1,0
BRDA:208,6,0,0
BRDA:208,6,1,0
BRDA:210,7,0,0
BRDA:210,7,1,0
BRDA:212,8,0,0
BRDA:212,8,1,0
BRDA:216,9,0,0
BRDA:216,9,1,0
BRDA:231,10,0,0
BRDA:231,10,1,0
BRDA:240,11,0,0
BRDA:240,11,1,0
BRDA:257,12,0,0
BRDA:257,12,1,0
BRDA:264,13,0,0
BRDA:264,13,1,0
BRDA:265,14,0,0
BRDA:265,14,1,0
BRDA:272,15,0,0
BRDA:272,15,1,0
BRDA:276,16,0,0
BRDA:276,16,1,0
BRDA:277,17,0,0
BRDA:277,17,1,0
BRF:36
BRH:0
end_of_record
TN:
SF:app/scripts/script.js
FN:3,(anonymous_0)
FN:15,(anonymous_1)
FNF:2
FNH:0
FNDA:0,(anonymous_0)
FNDA:0,(anonymous_1)
DA:3,0
DA:4,0
DA:5,0
DA:7,0
DA:9,0
DA:10,0
DA:12,0
DA:14,0
DA:15,0
DA:16,0
DA:17,0
DA:18,0
DA:21,0
DA:24,0
DA:25,0
LF:15
LH:0
BRDA:14,0,0,0
BRDA:14,0,1,0
BRF:2
BRH:0
end_of_record
TN:
SF:app/scripts/summary.js
FN:19,createHistoryAlert
FN:43,handleUser
FN:60,(anonymous_2)
FN:72,(anonymous_3)
FN:81,returnDate
FN:94,(anonymous_5)
FN:95,(anonymous_6)
FNF:7
FNH:0
FNDA:0,createHistoryAlert
FNDA:0,handleUser
FNDA:0,(anonymous_2)
FNDA:0,(anonymous_3)
FNDA:0,returnDate
FNDA:0,(anonymous_5)
FNDA:0,(anonymous_6)
DA:5,1
DA:15,1
DA:16,1
DA:17,1
DA:20,0
DA:21,0
DA:23,0
DA:24,0
DA:26,0
DA:27,0
DA:28,0
DA:30,0
DA:31,0
DA:32,0
DA:34,0
DA:35,0
DA:37,0
DA:38,0
DA:40,0
DA:44,0
DA:45,0
DA:47,0
DA:48,0
DA:49,0
DA:50,0
DA:53,0
DA:54,0
DA:55,0
DA:56,0
DA:59,0
DA:60,0
DA:61,0
DA:62,0
DA:66,0
DA:70,0
DA:72,0
DA:73,0
DA:77,0
DA:82,0
DA:84,0
DA:85,0
DA:87,0
DA:88,0
DA:90,0
DA:94,1
DA:95,0
DA:96,0
LF:47
LH:5
BRDA:47,0,0,0
BRDA:47,0,1,0
BRDA:47,1,0,0
BRDA:47,1,1,0
BRDA:49,2,0,0
BRDA:49,2,1,0
BRDA:50,3,0,0
BRDA:50,3,1,0
BRDA:59,4,0,0
BRDA:59,4,1,0
BRF:10
BRH:0
end_of_record
