TN:
SF:Backend/modules/announcement.js
FN:5,sendAnnouncement
FN:27,(anonymous_1)
FN:38,(anonymous_2)
FN:40,(anonymous_3)
FN:48,(anonymous_4)
FNF:5
FNH:5
FNDA:4,sendAnnouncement
FNDA:3,(anonymous_1)
FNDA:3,(anonymous_2)
FNDA:4,(anonymous_3)
FNDA:1,(anonymous_4)
DA:1,2
DA:2,2
DA:6,4
DA:8,4
DA:10,4
DA:11,4
DA:12,4
DA:13,3
DA:16,4
DA:18,4
DA:28,3
DA:29,3
DA:30,3
DA:31,3
DA:35,3
DA:37,3
DA:38,3
DA:39,3
DA:40,2
DA:41,4
DA:46,3
DA:49,1
DA:50,1
DA:53,4
DA:57,2
LF:25
LH:25
BRDA:12,0,0,3
BRDA:12,0,1,1
BRDA:39,1,0,2
BRDA:39,1,1,1
BRDA:41,2,0,4
BRDA:41,2,1,0
BRF:6
BRH:5
end_of_record
TN:
SF:Backend/modules/events.js
FN:5,isEveningEvent
FN:12,processEvent
FN:69,(anonymous_2)
FN:71,(anonymous_3)
FNF:4
FNH:4
FNDA:4,isEveningEvent
FNDA:4,processEvent
FNDA:1,(anonymous_2)
FNDA:2,(anonymous_3)
DA:1,2
DA:2,2
DA:6,4
DA:7,4
DA:8,4
DA:14,4
DA:17,4
DA:18,4
DA:21,4
DA:23,4
DA:24,3
DA:25,3
DA:26,1
DA:27,0
DA:28,0
DA:29,1
DA:30,0
DA:31,0
DA:32,1
DA:33,0
DA:34,0
DA:35,1
DA:36,0
DA:37,0
DA:39,1
DA:40,1
DA:44,4
DA:45,4
DA:46,4
DA:57,3
DA:59,1
DA:60,1
DA:64,3
DA:65,3
DA:66,3
DA:69,3
DA:70,1
DA:71,1
DA:72,2
DA:78,1
DA:85,1
DA:86,1
DA:88,1
DA:89,1
DA:91,2
DA:92,2
DA:96,2
LF:47
LH:39
BRDA:23,0,0,3
BRDA:23,0,1,1
BRDA:23,1,0,4
BRDA:23,1,1,3
BRDA:26,2,0,0
BRDA:26,2,1,1
BRDA:29,3,0,0
BRDA:29,3,1,1
BRDA:29,4,0,1
BRDA:29,4,1,0
BRDA:32,5,0,0
BRDA:32,5,1,1
BRDA:35,6,0,0
BRDA:35,6,1,1
BRDA:70,7,0,1
BRDA:70,7,1,0
BRF:16
BRH:10
end_of_record
TN:
SF:Backend/modules/init.js
FNF:0
FNH:0
DA:1,4
DA:4,4
DA:7,4
DA:10,4
DA:11,0
DA:14,4
DA:16,4
DA:19,4
DA:22,4
DA:26,4
DA:28,0
DA:29,0
DA:32,4
DA:33,4
DA:35,4
LF:15
LH:12
BRDA:10,0,0,0
BRDA:10,0,1,4
BRF:2
BRH:1
end_of_record
TN:
SF:Backend/modules/profile.js
FN:8,getUser
FNF:1
FNH:1
FNDA:3,getUser
DA:2,1
DA:3,1
DA:5,1
DA:9,3
DA:10,3
DA:17,2
DA:18,1
DA:21,1
DA:24,1
DA:26,2
DA:27,2
DA:31,1
LF:12
LH:12
BRDA:17,0,0,1
BRDA:17,0,1,1
BRF:2
BRH:2
end_of_record
TN:
SF:app/modules/init.js
FNF:0
FNH:0
DA:24,1
DA:36,1
DA:38,1
DA:41,1
DA:42,1
DA:44,1
LF:6
LH:6
BRF:0
BRH:0
end_of_record
TN:
SF:app/scripts/editprofile.js
FN:1,(anonymous_0)
FNF:1
FNH:1
FNDA:6,(anonymous_0)
DA:1,1
DA:2,6
DA:4,6
DA:5,6
DA:6,6
DA:7,6
DA:9,5
DA:11,4
DA:14,4
DA:17,4
DA:18,4
DA:19,4
DA:20,4
DA:21,4
DA:22,4
DA:23,4
DA:24,4
DA:26,4
DA:27,4
DA:29,4
DA:30,0
DA:31,0
DA:35,4
DA:36,4
DA:37,4
DA:38,4
DA:39,4
DA:42,2
LF:28
LH:26
BRDA:7,0,0,1
BRDA:7,0,1,5
BRDA:14,1,0,0
BRDA:14,1,1,4
BRDA:26,2,0,4
BRDA:26,2,1,0
BRDA:29,3,0,0
BRDA:29,3,1,4
BRDA:35,4,0,4
BRDA:35,4,1,0
BRDA:36,5,0,4
BRDA:36,5,1,0
BRDA:37,6,0,4
BRDA:37,6,1,0
BRDA:38,7,0,4
BRDA:38,7,1,0
BRDA:39,8,0,4
BRDA:39,8,1,0
BRF:18
BRH:10
end_of_record
